MPASM 5.86                HONGOS_LUMIN73.ASM   9-12-2020  19:15:31         PAGE  1


LOC  OBJECT CODE     LINE SOURCE TEXT
  VALUE

Warning[215]: Processor superseded by command line.  Verify processor symbol.
                      00001  PROCESSOR P16F73
                      00002  #INCLUDE <P16F73.INC>
                      00001         LIST
                      00002 
                      00003 ;==========================================================================
                      00004 ; Build date : Oct 24 2019
                      00005 ;  MPASM PIC16F73 processor include
                      00006 ; 
                      00007 ;  (c) Copyright 1999-2019 Microchip Technology, All rights reserved
                      00008 ;==========================================================================
                      00009 
                      00456         LIST
                      00003  LIST P=16F73
                      00004 ; CONFIG
                      00005 ; __config 0xFFF2
2007   3FF2           00006  __CONFIG _FOSC_HS & _WDTE_OFF & _PWRTE_ON & _CP_OFF & _BOREN_ON
                      00007  
                      00008  #DEFINE RX_BYTE 0x01
                      00009  
                      00010  UDATA_SHR
Warning[207]: Found label after column 1. (TEMP)
0000                  00011     TEMP RES 1
                      00012  
                      00013  CBLOCK 0x20
  00000020            00014     CONTADOR
  00000021            00015     UART
  00000022            00016     GUARDA_W
  00000023            00017     GUARDA_STATUS
                      00018  ENDC
                      00019  
                      00020  ORG 0
0000   2???           00021     GOTO SETUP
                      00022     ORG 4
0004   2???           00023     GOTO INTERRUPCION
0005                  00024 SETUP:
0005   1683           00025     BSF STATUS,RP0          ;BANCO 1.
0006   1303           00026     BCF STATUS, RP1
Message[302]: Register in operand not in bank 0.  Ensure that bank bits are correct.
0007   1107           00027     BCF TRISC,2             ;CCP1/PWM 1KHz.
0008   3020           00028     MOVLW B'00100000'       ;HABILITA LA INTERRUPCION PARA RX (RECEPCION SERIAL) EN EUSART.
Message[302]: Register in operand not in bank 0.  Ensure that bank bits are correct.
0009   008C           00029     MOVWF PIE1              ;HABILITACION DE INTERRUPCION PARA RX.
Message[302]: Register in operand not in bank 0.  Ensure that bank bits are correct.
000A   018D           00030     CLRF PIE2       
Message[302]: Register in operand not in bank 0.  Ensure that bank bits are correct.
000B   1787           00031     BSF TRISC,7             ;PUERTO RX COMO ENTRADA.
000C   3019           00032     MOVLW D'25'             ;RESULTADO DEL CALCULO PARA 2400 BAUDIOS.
Message[302]: Register in operand not in bank 0.  Ensure that bank bits are correct.
000D   0099           00033     MOVWF SPBRG
Message[302]: Register in operand not in bank 0.  Ensure that bank bits are correct.
000E   0186           00034     CLRF TRISB              ;SALIDA PARA LOS LEDS.
000F   30F9           00035     MOVLW D'249'
MPASM 5.86                HONGOS_LUMIN73.ASM   9-12-2020  19:15:31         PAGE  2


LOC  OBJECT CODE     LINE SOURCE TEXT
  VALUE

Message[302]: Register in operand not in bank 0.  Ensure that bank bits are correct.
0010   0092           00036     MOVWF PR2
0011   1703           00037     BSF STATUS,RP1          ;BANCO 3.
0012   1283           00038     BCF STATUS,RP0          ;BANCO 0.
0013   1303           00039     BCF STATUS,RP1          ;CONFIGURACION DEL PUERTO RX.
0014   018C           00040     CLRF PIR1
0015   1618           00041     BSF RCSTA,CREN          ;HABILITACION.
0016   1218           00042     BCF RCSTA,SYNC          ;OPERACION ASINCRONA.
0017   1798           00043     BSF RCSTA,SPEN          ;HABILITACION DE PIN ENTRADA.
0018   0098           00044     MOVWF RCSTA
0019   30C0           00045     MOVLW B'11000000'       ;CONFIGURACION PARA INTERRUPCION RX.
001A   008B           00046     MOVWF INTCON            ;INTERRUPCION EUSART, PEIE Y GIE.
001B   300C           00047     MOVLW B'00001100'
001C   0097           00048     MOVWF CCP1CON
001D   30CC           00049     MOVLW D'204'
001E   0095           00050     MOVWF CCPR1L
001F   3005           00051     MOVLW B'00000101'
0020   0092           00052     MOVWF T2CON
0021   0186           00053     CLRF PORTB
0022   081A           00054     MOVF RCREG,W            ;Flush receive buffer
0023   081A           00055     MOVF RCREG,W
0024   081A           00056     MOVF RCREG,W
0025   3000           00057     MOVLW 0x00
0026   00A0           00058     MOVWF CONTADOR
0027   2???           00059     GOTO PROGRAMA
                      00060     
                      00061         ;ESPERA AQUI HASTA QUE EL USUARIO HAGA UNA DESICION DEL MENU.
                      00062         ;------------------------------------------------------------
0028                  00063 ESPERA_CMD:
0028   10A1           00064     BCF UART,RX_BYTE
0029                  00065 ESPERA_CMD_NUEVO:
0029   18A1           00066     BTFSC UART,RX_BYTE
002A   2???           00067     GOTO PROGRAMA
002B   2???           00068     GOTO ESPERA_CMD_NUEVO
                      00069         ;MENU DE DESICIONES.
                      00070         ;------------------------------------------------------------
                      00071     
002C                  00072 PROGRAMA:
002C   ???? ????      00073     BANKSEL TEMP
002E   08??           00074     MOVFW TEMP
002F   3A55           00075     XORLW 0x55
0030   1903           00076     BTFSC STATUS,Z
0031   2???           00077     GOTO COLOR_COLOR
                      00078     
0032   08??           00079     MOVFW TEMP
0033   3AAA           00080     XORLW 0xAA
0034   1903           00081     BTFSC STATUS,Z
0035   2???           00082     GOTO CAMBIO_DUTY
0036   2???           00083     GOTO ESPERA_CMD
                      00084 
0037                  00085 COLOR_COLOR:
0037   3001           00086     MOVLW D'1'
0038   07A0           00087     ADDWF CONTADOR,1
MPASM 5.86                HONGOS_LUMIN73.ASM   9-12-2020  19:15:31         PAGE  3


LOC  OBJECT CODE     LINE SOURCE TEXT
  VALUE

0039   0820           00088     MOVFW CONTADOR
003A   3907           00089     ANDLW D'7'
003B   0086           00090     MOVWF PORTB
003C   2???           00091     GOTO ESPERA_CMD
                      00092     
003D                  00093 CAMBIO_DUTY:
003D   3033           00094     MOVLW D'51'
003E   0795           00095     ADDWF CCPR1L,1
003F   2???           00096     GOTO ESPERA_CMD
                      00097     
0040                  00098 INTERRUPCION:
0040   00A2           00099     MOVWF GUARDA_W
0041   0E03           00100     SWAPF STATUS,W
0042   1283           00101     BCF STATUS,RP0
0043   1303           00102     BCF STATUS,RP1
0044   00A3           00103     MOVWF GUARDA_STATUS
0045   1E8C           00104     BTFSS PIR1,RCIF         ;CHECAR SI LA INTERRUPCION ES DEL USART.
0046   2???           00105     GOTO EXIT 
0047   18A1           00106     BTFSC UART,RX_BYTE      ;SI RX_BIT ESTA ALTO, ENTONCES RXREG NO SE HA PROCESADO AUN.
0048   2???           00107     GOTO EXIT
0049   081A           00108     MOVF RCREG,W            ;Read input byte into W
004A   00??           00109     MOVWF TEMP              ;Store received byte to shared RAM
004B   14A1           00110     BSF UART,RX_BYTE
004C   081A           00111     MOVFW RCREG             ;PUEDE HABER UN SEGUNDO BYTE.
004D   1218           00112     BCF RCSTA,CREN
004E   1618           00113     BSF RCSTA,CREN
Warning[207]: Found label after column 1. (EXIT)
004F                  00114  EXIT:
004F   081A           00115     MOVFW RCREG
0050   081A           00116     MOVFW RCREG
0051   0E23           00117     SWAPF GUARDA_STATUS,W
0052   0083           00118     MOVWF STATUS
0053   0EA2           00119     SWAPF GUARDA_W,F
0054   0E22           00120     SWAPF GUARDA_W,W
0055   0009           00121     RETFIE
3FF2                  00122     END
MPASM 5.86                HONGOS_LUMIN73.ASM   9-12-2020  19:15:31         PAGE  4


SYMBOL TABLE
  LABEL                             VALUE 

ADCON0                            0000001F
ADCON1                            0000009F
ADCS0                             00000006
ADCS1                             00000007
ADIE                              00000006
ADIF                              00000006
ADON                              00000000
ADRES                             0000001E
BF                                00000000
BRGH                              00000002
C                                 00000000
CAMBIO_DUTY                       0000003D
CCP1CON                           00000017
CCP1IE                            00000002
CCP1IF                            00000002
CCP1M0                            00000000
CCP1M1                            00000001
CCP1M2                            00000002
CCP1M3                            00000003
CCP1X                             00000005
CCP1Y                             00000004
CCP2CON                           0000001D
CCP2IE                            00000000
CCP2IF                            00000000
CCP2M0                            00000000
CCP2M1                            00000001
CCP2M2                            00000002
CCP2M3                            00000003
CCP2X                             00000005
CCP2Y                             00000004
CCPR1                             00000015
CCPR1H                            00000016
CCPR1L                            00000015
CCPR2                             0000001B
CCPR2H                            0000001C
CCPR2L                            0000001B
CHS0                              00000003
CHS1                              00000004
CHS2                              00000005
CKE                               00000006
CKP                               00000004
COLOR_COLOR                       00000037
CONTADOR                          00000020
CREN                              00000004
CSRC                              00000007
D                                 00000005
DATA_ADDRESS                      00000005
DC                                00000001
D_A                               00000005
D_NOT_A                           00000005
ESPERA_CMD                        00000028
ESPERA_CMD_NUEVO                  00000029
EXIT                              0000004F
MPASM 5.86                HONGOS_LUMIN73.ASM   9-12-2020  19:15:31         PAGE  5


SYMBOL TABLE
  LABEL                             VALUE 

F                                 00000001
FERR                              00000002
FSR                               00000004
GIE                               00000007
GO                                00000002
GO_DONE                           00000002
GO_NOT_DONE                       00000002
GUARDA_STATUS                     00000023
GUARDA_W                          00000022
I2C_DATA                          00000005
I2C_READ                          00000002
I2C_START                         00000003
I2C_STOP                          00000004
INDF                              00000000
INTCON                            0000000B
INTE                              00000004
INTEDG                            00000006
INTERRUPCION                      00000040
INTF                              00000001
IRP                               00000007
NOT_A                             00000005
NOT_ADDRESS                       00000005
NOT_BO                            00000000
NOT_BOR                           00000000
NOT_DONE                          00000002
NOT_PD                            00000003
NOT_POR                           00000001
NOT_RBPU                          00000007
NOT_RC8                           00000006
NOT_T1SYNC                        00000002
NOT_TO                            00000004
NOT_TX8                           00000006
NOT_W                             00000002
NOT_WRITE                         00000002
OERR                              00000001
OPTION_REG                        00000081
P                                 00000004
PCFG0                             00000000
PCFG1                             00000001
PCFG2                             00000002
PCL                               00000002
PCLATH                            0000000A
PCON                              0000008E
PEIE                              00000006
PIE1                              0000008C
PIE2                              0000008D
PIR1                              0000000C
PIR2                              0000000D
PMADR                             0000010D
PMADRH                            0000010F
PMCON1                            0000018C
PMDATA                            0000010C
PMDATH                            0000010E
MPASM 5.86                HONGOS_LUMIN73.ASM   9-12-2020  19:15:31         PAGE  6


SYMBOL TABLE
  LABEL                             VALUE 

PORTA                             00000005
PORTB                             00000006
PORTC                             00000007
PR2                               00000092
PROGRAMA                          0000002C
PS0                               00000000
PS1                               00000001
PS2                               00000002
PSA                               00000003
R                                 00000002
RA0                               00000000
RA1                               00000001
RA2                               00000002
RA3                               00000003
RA4                               00000004
RA5                               00000005
RB0                               00000000
RB1                               00000001
RB2                               00000002
RB3                               00000003
RB4                               00000004
RB5                               00000005
RB6                               00000006
RB7                               00000007
RBIE                              00000003
RBIF                              00000000
RC0                               00000000
RC1                               00000001
RC2                               00000002
RC3                               00000003
RC4                               00000004
RC5                               00000005
RC6                               00000006
RC7                               00000007
RC8_9                             00000006
RC9                               00000006
RCD8                              00000000
RCIE                              00000005
RCIF                              00000005
RCREG                             0000001A
RCSTA                             00000018
RD                                00000000
READ_WRITE                        00000002
RP0                               00000005
RP1                               00000006
RX9                               00000006
RX9D                              00000000
RX_BYTE                           0x01
R_NOT_W                           00000002
R_W                               00000002
S                                 00000003
SETUP                             00000005
SMP                               00000007
MPASM 5.86                HONGOS_LUMIN73.ASM   9-12-2020  19:15:31         PAGE  7


SYMBOL TABLE
  LABEL                             VALUE 

SPBRG                             00000099
SPEN                              00000007
SREN                              00000005
SSPADD                            00000093
SSPBUF                            00000013
SSPCON                            00000014
SSPEN                             00000005
SSPIE                             00000003
SSPIF                             00000003
SSPM0                             00000000
SSPM1                             00000001
SSPM2                             00000002
SSPM3                             00000003
SSPOV                             00000006
SSPSTAT                           00000094
STATUS                            00000003
SYNC                              00000004
T0CS                              00000005
T0IE                              00000005
T0IF                              00000002
T0SE                              00000004
T1CKPS0                           00000004
T1CKPS1                           00000005
T1CON                             00000010
T1INSYNC                          00000002
T1OSCEN                           00000003
T2CKPS0                           00000000
T2CKPS1                           00000001
T2CON                             00000012
TEMP                              00000000
TMR0                              00000001
TMR0IE                            00000005
TMR0IF                            00000002
TMR1                              0000000E
TMR1CS                            00000001
TMR1H                             0000000F
TMR1IE                            00000000
TMR1IF                            00000000
TMR1L                             0000000E
TMR1ON                            00000000
TMR2                              00000011
TMR2IE                            00000001
TMR2IF                            00000001
TMR2ON                            00000002
TOUTPS0                           00000003
TOUTPS1                           00000004
TOUTPS2                           00000005
TOUTPS3                           00000006
TRISA                             00000085
TRISA0                            00000000
TRISA1                            00000001
TRISA2                            00000002
TRISA3                            00000003
MPASM 5.86                HONGOS_LUMIN73.ASM   9-12-2020  19:15:31         PAGE  8


SYMBOL TABLE
  LABEL                             VALUE 

TRISA4                            00000004
TRISA5                            00000005
TRISB                             00000086
TRISB0                            00000000
TRISB1                            00000001
TRISB2                            00000002
TRISB3                            00000003
TRISB4                            00000004
TRISB5                            00000005
TRISB6                            00000006
TRISB7                            00000007
TRISC                             00000087
TRISC0                            00000000
TRISC1                            00000001
TRISC2                            00000002
TRISC3                            00000003
TRISC4                            00000004
TRISC5                            00000005
TRISC6                            00000006
TRISC7                            00000007
TRMT                              00000001
TX8_9                             00000006
TX9                               00000006
TX9D                              00000000
TXD8                              00000000
TXEN                              00000005
TXIE                              00000004
TXIF                              00000004
TXREG                             00000019
TXSTA                             00000098
UA                                00000001
UART                              00000021
W                                 00000000
WCOL                              00000007
Z                                 00000002
_BODEN_OFF                        00003FBF
_BODEN_ON                         00003FFF
_BOREN_OFF                        00003FBF
_BOREN_ON                         00003FFF
_CONFIG                           00002007
_CP_ALL                           00003FEF
_CP_OFF                           00003FFF
_CP_ON                            00003FEF
_DEVID1                           00002006
_FOSC_HS                          00003FFE
_FOSC_LP                          00003FFC
_FOSC_RC                          00003FFF
_FOSC_XT                          00003FFD
_HS_OSC                           00003FFE
_IDLOC0                           00002000
_IDLOC1                           00002001
_IDLOC2                           00002002
_IDLOC3                           00002003
MPASM 5.86                HONGOS_LUMIN73.ASM   9-12-2020  19:15:31         PAGE  9


SYMBOL TABLE
  LABEL                             VALUE 

_LP_OSC                           00003FFC
_PWRTE_OFF                        00003FFF
_PWRTE_ON                         00003FF7
_RC_OSC                           00003FFF
_WDTE_OFF                         00003FFB
_WDTE_ON                          00003FFF
_WDT_OFF                          00003FFB
_WDT_ON                           00003FFF
_XT_OSC                           00003FFD
__16F73                           00000001

Errors   :     0
Warnings :     3 reported,     0 suppressed
Messages :     7 reported,     0 suppressed

