MPASM 5.86                            IR.ASM   9-9-2020  20:31:38         PAGE  1


LOC  OBJECT CODE     LINE SOURCE TEXT
  VALUE

                      00001 #INCLUDE <P16F887.INC>
                      00001         LIST
                      00002 
                      00003 ;==========================================================================
                      00004 ; Build date : Oct 24 2019
                      00005 ;  MPASM PIC16F887 processor include
                      00006 ; 
                      00007 ;  (c) Copyright 1999-2019 Microchip Technology, All rights reserved
                      00008 ;==========================================================================
                      00009 
                      00810         LIST
                      00002     LIST P=16F887
                      00003 ; CONFIG1
                      00004 ; __config 0x2FC2
2007   2FC2           00005  __CONFIG _CONFIG1, _FOSC_HS & _WDTE_OFF & _PWRTE_ON & _MCLRE_OFF & _CP_OFF & _CPD_OFF & _BOREN_ON & _IE
                            SO_ON & _FCMEN_ON & _LVP_OFF
                      00006 ; CONFIG2
                      00007 ; __config 0x3FFF
2008   3FFF           00008  __CONFIG _CONFIG2, _BOR4V_BOR40V & _WRT_OFF
                      00009  
                      00010  ;udata
                      00011  ;BYTES RES 3
Warning[207]: Found label after column 1. (SEND_BITS_IR)
  00000009            00012  SEND_BITS_IR EQU D'9'
                      00013  
                      00014  CBLOCK 0x20
  00000020            00015     BYTE
  00000021            00016     CONTADOR
  00000022            00017     CONTADOR_2
  00000023            00018     r52
                      00019  ENDC
                      00020  
                      00021  ORG 0
0000                  00022 SETUP:
Warning[203]: Found opcode in column 1. (BSF)
0000   1683           00023 BSF STATUS, RP0 ;BANCO 1
0001   1303           00024     BCF STATUS, RP1
Message[302]: Register in operand not in bank 0.  Ensure that bank bits are correct.
0002   1008           00025     BCF TRISD, 0    ;RD0 -> PIN DE SALIDA DIGITAL.
Message[302]: Register in operand not in bank 0.  Ensure that bank bits are correct.
0003   1605           00026     BSF TRISA, 4
0004   30D4           00027     MOVLW B'11010100'
Message[302]: Register in operand not in bank 0.  Ensure that bank bits are correct.
0005   0081           00028     MOVWF OPTION_REG
0006   1283           00029     BCF STATUS, RP0 ;BANCO 0
0007   1008           00030     BCF PORTD, 0    ;INICIALIZAR EL PIN RD0 EN 0.
Warning[207]: Found label after column 1. (REC)
0008                  00031  REC:
0008   1A05           00032     BTFSC PORTA,4
0009   2???           00033     GOTO ACT_RLF
000A   2???           00034     GOTO REC
000B                  00035 ACT_RLF:
000B   1A05           00036     BTFSC PORTA,4
MPASM 5.86                            IR.ASM   9-9-2020  20:31:38         PAGE  2


LOC  OBJECT CODE     LINE SOURCE TEXT
  VALUE

000C   2???           00037     GOTO ACT_RLF
000D   30FF           00038     MOVLW D'255'
000E   2???           00039     CALL IRcarrier
000F   306E           00040     MOVLW D'110'
0010   2???           00041     CALL IRcarrier
0011   2???           00042     CALL RETARDO_4500MICROS_16
0012   30FF           00043     MOVLW 0xFF
0013   2???           00044     CALL IRsend
0014   30A2           00045     MOVLW 0xA2
0015   2???           00046     CALL IRsend
0016   305D           00047     MOVLW 0x5D
0017   2???           00048     CALL IRsend
0018   30FF           00049     MOVLW 0xFF
0019   2???           00050     CALL IRsend
001A   3018           00051     MOVLW D'24'
001B   2???           00052     CALL IRcarrier
001C   2???           00053     GOTO REC
                      00054 
Warning[207]: Found label after column 1. (RETARDO_1686MICROS_16)
001D                  00055  RETARDO_1686MICROS_16:
001D   110B           00056     BCF INTCON,T0IF
001E   302D           00057     MOVLW D'45'
001F   0081           00058     MOVWF TMR0
Warning[207]: Found label after column 1. (RETARDO_1686MICROS_16_0)
0020                  00059  RETARDO_1686MICROS_16_0:
0020   1D0B           00060     BTFSS INTCON,T0IF
0021   2???           00061     GOTO RETARDO_1686MICROS_16_0
0022   0008           00062     RETURN
                      00063     
Warning[207]: Found label after column 1. (RETARDO_562MICROS_16)
0023                  00064  RETARDO_562MICROS_16:
0023   110B           00065     BCF INTCON,T0IF
0024   30BA           00066     MOVLW D'186'
0025   0081           00067     MOVWF TMR0
Warning[207]: Found label after column 1. (RETARDO_562MICROS_16_0)
0026                  00068  RETARDO_562MICROS_16_0:
0026   1D0B           00069     BTFSS INTCON,T0IF
0027   2???           00070     GOTO RETARDO_562MICROS_16_0
0028   0008           00071     RETURN
                      00072     
Warning[207]: Found label after column 1. (RETARDO_4500MICROS_16)
0029                  00073  RETARDO_4500MICROS_16:
0029   1683           00074     BSF STATUS,RP0
002A   30D6           00075     MOVLW B'11010110'
Message[302]: Register in operand not in bank 0.  Ensure that bank bits are correct.
002B   0081           00076     MOVWF OPTION_REG
002C   1283           00077     BCF STATUS,RP0
002D   1283           00078     BCF STATUS,RP0
002E   110B           00079     BCF INTCON,T0IF
002F   3073           00080     MOVLW D'115'
0030   0081           00081     MOVWF TMR0
Warning[207]: Found label after column 1. (RETARDO_4500MICROS_16_0)
0031                  00082  RETARDO_4500MICROS_16_0:
MPASM 5.86                            IR.ASM   9-9-2020  20:31:38         PAGE  3


LOC  OBJECT CODE     LINE SOURCE TEXT
  VALUE

0031   1D0B           00083     BTFSS INTCON,T0IF
0032   2???           00084     GOTO RETARDO_4500MICROS_16_0
0033   0008           00085     RETURN
                      00086     
0034                  00087 IRcarrier:
0034   00A1           00088     MOVWF CONTADOR
0035                  00089 BUCLE:
0035   1408           00090     BSF PORTD,0
0036   0BA1           00091     DECFSZ CONTADOR,1
0037   2???           00092     GOTO RETARDO_13
0038   2???           00093     GOTO FINAL          
0039                  00094 RETARDO_13:     
0039   300E           00095     movlw       0xE
003A   00A3           00096     movwf       r52
003B                  00097 RETARDO_13MICROS_16_0_1:
003B   0BA3           00098     decfsz      r52, f
003C   2???           00099     goto        RETARDO_13MICROS_16_0_1
003D   1008           00100     BCF PORTD,0
003E   300E           00101     movlw       0xE
003F   00A3           00102     movwf       r52
0040                  00103 RETARDO_13MICROS_16_0_2:
0040   0BA3           00104     decfsz      r52, f
0041   2???           00105     goto        RETARDO_13MICROS_16_0_2
0042   2???           00106     GOTO BUCLE
Warning[207]: Found label after column 1. (FINAL)
0043                  00107  FINAL:
0043   1008           00108     BCF PORTD,0
0044   0008           00109     RETURN
                      00110     
Warning[207]: Found label after column 1. (IRsend)
0045                  00111  IRsend:
0045   00A0           00112     MOVWF BYTE
0046   3009           00113     MOVLW SEND_BITS_IR
0047   00A2           00114     MOVWF CONTADOR_2
0048   1683           00115     BSF STATUS,RP0
0049   30D4           00116     MOVLW B'11010100'
Message[302]: Register in operand not in bank 0.  Ensure that bank bits are correct.
004A   0081           00117     MOVWF OPTION_REG
004B   1283           00118     BCF STATUS,RP0
004C                  00119 BUCLE_SEND:
004C   0BA2           00120     DECFSZ CONTADOR_2,1
004D   2???           00121     GOTO ENVIO
004E   0008           00122     RETURN ;SI ES 0.
004F                  00123 ENVIO:
004F   0820           00124     MOVFW BYTE
0050   3901           00125     ANDLW 0x1
0051   1D03           00126     BTFSS STATUS,Z
0052   2???           00127     GOTO SEND_1 ;SI ES 1.
0053   2???           00128     GOTO SEND_0 ;SI ES 0.
0054                  00129 ROTACION:
0054   0CA0           00130     RRF BYTE,1
0055   13A0           00131     BCF BYTE,7
0056   2???           00132     GOTO BUCLE_SEND
MPASM 5.86                            IR.ASM   9-9-2020  20:31:38         PAGE  4


LOC  OBJECT CODE     LINE SOURCE TEXT
  VALUE

0057                  00133 SEND_1:
0057   3018           00134     MOVLW D'24'
0058   2???           00135     CALL IRcarrier
0059   2???           00136     CALL RETARDO_1686MICROS_16
005A   2???           00137     GOTO ROTACION
005B                  00138 SEND_0:
005B   3018           00139     MOVLW D'24'
005C   2???           00140     CALL IRcarrier
005D   2???           00141     CALL RETARDO_562MICROS_16
005E   2???           00142     GOTO ROTACION
2FC2 3FFF             00143     END
MPASM 5.86                            IR.ASM   9-9-2020  20:31:38         PAGE  5


SYMBOL TABLE
  LABEL                             VALUE 

ABDEN                             00000000
ABDOVF                            00000007
ACKDT                             00000005
ACKEN                             00000004
ACKSTAT                           00000006
ACT_RLF                           0000000B
ADCON0                            0000001F
ADCON1                            0000009F
ADCS0                             00000006
ADCS1                             00000007
ADDEN                             00000003
ADFM                              00000007
ADIE                              00000006
ADIF                              00000006
ADON                              00000000
ADRESH                            0000001E
ADRESL                            0000009E
ANS0                              00000000
ANS1                              00000001
ANS10                             00000002
ANS11                             00000003
ANS12                             00000004
ANS13                             00000005
ANS2                              00000002
ANS3                              00000003
ANS4                              00000004
ANS5                              00000005
ANS6                              00000006
ANS7                              00000007
ANS8                              00000000
ANS9                              00000001
ANSEL                             00000188
ANSELH                            00000189
BAUDCTL                           00000187
BCLIE                             00000003
BCLIF                             00000003
BF                                00000000
BRG0                              00000000
BRG1                              00000001
BRG10                             00000002
BRG11                             00000003
BRG12                             00000004
BRG13                             00000005
BRG14                             00000006
BRG15                             00000007
BRG16                             00000003
BRG2                              00000002
BRG3                              00000003
BRG4                              00000004
BRG5                              00000005
BRG6                              00000006
BRG7                              00000007
BRG8                              00000000
MPASM 5.86                            IR.ASM   9-9-2020  20:31:38         PAGE  6


SYMBOL TABLE
  LABEL                             VALUE 

BRG9                              00000001
BRGH                              00000002
BUCLE                             00000035
BUCLE_SEND                        0000004C
BYTE                              00000020
C                                 00000000
C1CH0                             00000000
C1CH1                             00000001
C1IE                              00000005
C1IF                              00000005
C1OE                              00000005
C1ON                              00000007
C1OUT                             00000006
C1POL                             00000004
C1R                               00000002
C1RSEL                            00000005
C1SEN                             00000005
C2CH0                             00000000
C2CH1                             00000001
C2IE                              00000006
C2IF                              00000006
C2OE                              00000005
C2ON                              00000007
C2OUT                             00000006
C2POL                             00000004
C2R                               00000002
C2REN                             00000004
C2RSEL                            00000004
C2SYNC                            00000000
CCP1CON                           00000017
CCP1IE                            00000002
CCP1IF                            00000002
CCP1M0                            00000000
CCP1M1                            00000001
CCP1M2                            00000002
CCP1M3                            00000003
CCP1X                             00000005
CCP1Y                             00000004
CCP2CON                           0000001D
CCP2IE                            00000000
CCP2IF                            00000000
CCP2M0                            00000000
CCP2M1                            00000001
CCP2M2                            00000002
CCP2M3                            00000003
CCP2X                             00000005
CCP2Y                             00000004
CCPR1                             00000015
CCPR1H                            00000016
CCPR1L                            00000015
CCPR2                             0000001B
CCPR2H                            0000001C
CCPR2L                            0000001B
MPASM 5.86                            IR.ASM   9-9-2020  20:31:38         PAGE  7


SYMBOL TABLE
  LABEL                             VALUE 

CHS0                              00000002
CHS1                              00000003
CHS2                              00000004
CHS3                              00000005
CKE                               00000006
CKP                               00000004
CM1CON0                           00000107
CM2CON0                           00000108
CM2CON1                           00000109
CONTADOR                          00000021
CONTADOR_2                        00000022
CREN                              00000004
CSRC                              00000007
D                                 00000005
DATA_ADDRESS                      00000005
DC                                00000001
DC1B0                             00000004
DC1B1                             00000005
DC2B0                             00000004
DC2B1                             00000005
D_A                               00000005
D_NOT_A                           00000005
ECCPAS                            0000009C
ECCPAS0                           00000004
ECCPAS1                           00000005
ECCPAS2                           00000006
ECCPASE                           00000007
EEADR                             0000010D
EEADRH                            0000010F
EECON1                            0000018C
EECON2                            0000018D
EEDAT                             0000010C
EEDATA                            0000010C
EEDATH                            0000010E
EEIE                              00000004
EEIF                              00000004
EEPGD                             00000007
ENVIO                             0000004F
F                                 00000001
FERR                              00000002
FINAL                             00000043
FSR                               00000004
FVREN                             00000000
GCEN                              00000007
GIE                               00000007
GO                                00000001
GO_DONE                           00000001
GO_NOT_DONE                       00000001
HTS                               00000002
I2C_DATA                          00000005
I2C_READ                          00000002
I2C_START                         00000003
I2C_STOP                          00000004
MPASM 5.86                            IR.ASM   9-9-2020  20:31:38         PAGE  8


SYMBOL TABLE
  LABEL                             VALUE 

INDF                              00000000
INTCON                            0000000B
INTE                              00000004
INTEDG                            00000006
INTF                              00000001
IOCB                              00000096
IOCB0                             00000000
IOCB1                             00000001
IOCB2                             00000002
IOCB3                             00000003
IOCB4                             00000004
IOCB5                             00000005
IOCB6                             00000006
IOCB7                             00000007
IRCF0                             00000004
IRCF1                             00000005
IRCF2                             00000006
IRP                               00000007
IRcarrier                         00000034
IRsend                            00000045
LTS                               00000001
MC1OUT                            00000007
MC2OUT                            00000006
MSK                               00000093
MSK0                              00000000
MSK1                              00000001
MSK2                              00000002
MSK3                              00000003
MSK4                              00000004
MSK5                              00000005
MSK6                              00000006
MSK7                              00000007
NOT_A                             00000005
NOT_ADDRESS                       00000005
NOT_BO                            00000000
NOT_BOR                           00000000
NOT_DONE                          00000001
NOT_PD                            00000003
NOT_POR                           00000001
NOT_RBPU                          00000007
NOT_RC8                           00000006
NOT_T1SYNC                        00000002
NOT_TO                            00000004
NOT_TX8                           00000006
NOT_W                             00000002
NOT_WRITE                         00000002
OERR                              00000001
OPTION_REG                        00000081
OSCCON                            0000008F
OSCTUNE                           00000090
OSFIE                             00000007
OSFIF                             00000007
OSTS                              00000003
MPASM 5.86                            IR.ASM   9-9-2020  20:31:38         PAGE  9


SYMBOL TABLE
  LABEL                             VALUE 

P                                 00000004
P1M0                              00000006
P1M1                              00000007
PCL                               00000002
PCLATH                            0000000A
PCON                              0000008E
PDC0                              00000000
PDC1                              00000001
PDC2                              00000002
PDC3                              00000003
PDC4                              00000004
PDC5                              00000005
PDC6                              00000006
PEIE                              00000006
PEN                               00000002
PIE1                              0000008C
PIE2                              0000008D
PIR1                              0000000C
PIR2                              0000000D
PORTA                             00000005
PORTB                             00000006
PORTC                             00000007
PORTD                             00000008
PORTE                             00000009
PR2                               00000092
PRSEN                             00000007
PS0                               00000000
PS1                               00000001
PS2                               00000002
PSA                               00000003
PSSAC0                            00000002
PSSAC1                            00000003
PSSBD0                            00000000
PSSBD1                            00000001
PSTRCON                           0000009D
PULSR                             00000002
PULSS                             00000003
PWM1CON                           0000009B
R                                 00000002
RA0                               00000000
RA1                               00000001
RA2                               00000002
RA3                               00000003
RA4                               00000004
RA5                               00000005
RA6                               00000006
RA7                               00000007
RB0                               00000000
RB1                               00000001
RB2                               00000002
RB3                               00000003
RB4                               00000004
RB5                               00000005
MPASM 5.86                            IR.ASM   9-9-2020  20:31:38         PAGE 10


SYMBOL TABLE
  LABEL                             VALUE 

RB6                               00000006
RB7                               00000007
RBIE                              00000003
RBIF                              00000000
RC0                               00000000
RC1                               00000001
RC2                               00000002
RC3                               00000003
RC4                               00000004
RC5                               00000005
RC6                               00000006
RC7                               00000007
RC8_9                             00000006
RC9                               00000006
RCD8                              00000000
RCEN                              00000003
RCIDL                             00000006
RCIE                              00000005
RCIF                              00000005
RCREG                             0000001A
RCSTA                             00000018
RD                                00000000
RD0                               00000000
RD1                               00000001
RD2                               00000002
RD3                               00000003
RD4                               00000004
RD5                               00000005
RD6                               00000006
RD7                               00000007
RE0                               00000000
RE1                               00000001
RE2                               00000002
RE3                               00000003
READ_WRITE                        00000002
REC                               00000008
RETARDO_13                        00000039
RETARDO_13MICROS_16_0_1           0000003B
RETARDO_13MICROS_16_0_2           00000040
RETARDO_1686MICROS_16             0000001D
RETARDO_1686MICROS_16_0           00000020
RETARDO_4500MICROS_16             00000029
RETARDO_4500MICROS_16_0           00000031
RETARDO_562MICROS_16              00000023
RETARDO_562MICROS_16_0            00000026
ROTACION                          00000054
RP0                               00000005
RP1                               00000006
RSEN                              00000001
RX9                               00000006
RX9D                              00000000
R_NOT_W                           00000002
R_W                               00000002
MPASM 5.86                            IR.ASM   9-9-2020  20:31:38         PAGE 11


SYMBOL TABLE
  LABEL                             VALUE 

S                                 00000003
SBOREN                            00000004
SCKP                              00000004
SCS                               00000000
SEN                               00000000
SENDB                             00000003
SEND_0                            0000005B
SEND_1                            00000057
SEND_BITS_IR                      00000009
SETUP                             00000000
SMP                               00000007
SPBRG                             00000099
SPBRGH                            0000009A
SPEN                              00000007
SR0                               00000006
SR1                               00000007
SRCON                             00000185
SREN                              00000005
SSPADD                            00000093
SSPBUF                            00000013
SSPCON                            00000014
SSPCON2                           00000091
SSPEN                             00000005
SSPIE                             00000003
SSPIF                             00000003
SSPM0                             00000000
SSPM1                             00000001
SSPM2                             00000002
SSPM3                             00000003
SSPMSK                            00000093
SSPOV                             00000006
SSPSTAT                           00000094
STATUS                            00000003
STRA                              00000000
STRB                              00000001
STRC                              00000002
STRD                              00000003
STRSYNC                           00000004
SWDTEN                            00000000
SYNC                              00000004
T0CS                              00000005
T0IE                              00000005
T0IF                              00000002
T0SE                              00000004
T1CKPS0                           00000004
T1CKPS1                           00000005
T1CON                             00000010
T1GINV                            00000007
T1GIV                             00000007
T1GSS                             00000001
T1INSYNC                          00000002
T1OSCEN                           00000003
T1SYNC                            00000002
MPASM 5.86                            IR.ASM   9-9-2020  20:31:38         PAGE 12


SYMBOL TABLE
  LABEL                             VALUE 

T2CKPS0                           00000000
T2CKPS1                           00000001
T2CON                             00000012
TMR0                              00000001
TMR0IE                            00000005
TMR0IF                            00000002
TMR1                              0000000E
TMR1CS                            00000001
TMR1GE                            00000006
TMR1H                             0000000F
TMR1IE                            00000000
TMR1IF                            00000000
TMR1L                             0000000E
TMR1ON                            00000000
TMR2                              00000011
TMR2IE                            00000001
TMR2IF                            00000001
TMR2ON                            00000002
TOUTPS0                           00000003
TOUTPS1                           00000004
TOUTPS2                           00000005
TOUTPS3                           00000006
TRISA                             00000085
TRISA0                            00000000
TRISA1                            00000001
TRISA2                            00000002
TRISA3                            00000003
TRISA4                            00000004
TRISA5                            00000005
TRISA6                            00000006
TRISA7                            00000007
TRISB                             00000086
TRISB0                            00000000
TRISB1                            00000001
TRISB2                            00000002
TRISB3                            00000003
TRISB4                            00000004
TRISB5                            00000005
TRISB6                            00000006
TRISB7                            00000007
TRISC                             00000087
TRISC0                            00000000
TRISC1                            00000001
TRISC2                            00000002
TRISC3                            00000003
TRISC4                            00000004
TRISC5                            00000005
TRISC6                            00000006
TRISC7                            00000007
TRISD                             00000088
TRISD0                            00000000
TRISD1                            00000001
TRISD2                            00000002
MPASM 5.86                            IR.ASM   9-9-2020  20:31:38         PAGE 13


SYMBOL TABLE
  LABEL                             VALUE 

TRISD3                            00000003
TRISD4                            00000004
TRISD5                            00000005
TRISD6                            00000006
TRISD7                            00000007
TRISE                             00000089
TRISE0                            00000000
TRISE1                            00000001
TRISE2                            00000002
TRISE3                            00000003
TRMT                              00000001
TUN0                              00000000
TUN1                              00000001
TUN2                              00000002
TUN3                              00000003
TUN4                              00000004
TX8_9                             00000006
TX9                               00000006
TX9D                              00000000
TXD8                              00000000
TXEN                              00000005
TXIE                              00000004
TXIF                              00000004
TXREG                             00000019
TXSTA                             00000098
UA                                00000001
ULPWUE                            00000005
ULPWUIE                           00000002
ULPWUIF                           00000002
VCFG0                             00000004
VCFG1                             00000005
VR0                               00000000
VR1                               00000001
VR2                               00000002
VR3                               00000003
VRCON                             00000097
VREN                              00000007
VROE                              00000006
VRR                               00000005
VRSS                              00000004
W                                 00000000
WCOL                              00000007
WDTCON                            00000105
WDTPS0                            00000001
WDTPS1                            00000002
WDTPS2                            00000003
WDTPS3                            00000004
WPUB                              00000095
WPUB0                             00000000
WPUB1                             00000001
WPUB2                             00000002
WPUB3                             00000003
WPUB4                             00000004
MPASM 5.86                            IR.ASM   9-9-2020  20:31:38         PAGE 14


SYMBOL TABLE
  LABEL                             VALUE 

WPUB5                             00000005
WPUB6                             00000006
WPUB7                             00000007
WR                                00000001
WREN                              00000002
WRERR                             00000003
WUE                               00000001
Z                                 00000002
_BOR21V                           00003EFF
_BOR40V                           00003FFF
_BOR4V_BOR21V                     00003EFF
_BOR4V_BOR40V                     00003FFF
_BOREN_NSLEEP                     00003EFF
_BOREN_OFF                        00003CFF
_BOREN_ON                         00003FFF
_BOREN_SBODEN                     00003DFF
_BOR_NSLEEP                       00003EFF
_BOR_OFF                          00003CFF
_BOR_ON                           00003FFF
_BOR_SBODEN                       00003DFF
_CONFIG1                          00002007
_CONFIG2                          00002008
_CPD_OFF                          00003FFF
_CPD_ON                           00003F7F
_CP_OFF                           00003FFF
_CP_ON                            00003FBF
_DEBUG_OFF                        00003FFF
_DEBUG_ON                         00001FFF
_DEVID1                           00002006
_EC_OSC                           00003FFB
_EXTRC                            00003FFF
_EXTRCIO                          00003FFE
_EXTRC_OSC_CLKOUT                 00003FFF
_EXTRC_OSC_NOCLKOUT               00003FFE
_FCMEN_OFF                        000037FF
_FCMEN_ON                         00003FFF
_FOSC_EC                          00003FFB
_FOSC_EXTRC_CLKOUT                00003FFF
_FOSC_EXTRC_NOCLKOUT              00003FFE
_FOSC_HS                          00003FFA
_FOSC_INTRC_CLKOUT                00003FFD
_FOSC_INTRC_NOCLKOUT              00003FFC
_FOSC_LP                          00003FF8
_FOSC_XT                          00003FF9
_HS_OSC                           00003FFA
_IDLOC0                           00002000
_IDLOC1                           00002001
_IDLOC2                           00002002
_IDLOC3                           00002003
_IESO_OFF                         00003BFF
_IESO_ON                          00003FFF
_INTOSC                           00003FFD
_INTOSCIO                         00003FFC
MPASM 5.86                            IR.ASM   9-9-2020  20:31:38         PAGE 15


SYMBOL TABLE
  LABEL                             VALUE 

_INTRC_OSC_CLKOUT                 00003FFD
_INTRC_OSC_NOCLKOUT               00003FFC
_LP_OSC                           00003FF8
_LVP_OFF                          00002FFF
_LVP_ON                           00003FFF
_MCLRE_OFF                        00003FDF
_MCLRE_ON                         00003FFF
_PWRTE_OFF                        00003FFF
_PWRTE_ON                         00003FEF
_WDTE_OFF                         00003FF7
_WDTE_ON                          00003FFF
_WDT_OFF                          00003FF7
_WDT_ON                           00003FFF
_WRT_1FOURTH                      00003BFF
_WRT_256                          00003DFF
_WRT_HALF                         000039FF
_WRT_OFF                          00003FFF
_XT_OSC                           00003FF9
__16F887                          00000001
r52                               00000023

Errors   :     0
Warnings :    11 reported,     0 suppressed
Messages :     5 reported,     0 suppressed

