MPASM 5.86                       RX_628A.ASM   9-12-2020  22:53:19         PAGE  1


LOC  OBJECT CODE     LINE SOURCE TEXT
  VALUE

                      00001  LIST P=16F628A
Warning[215]: Processor superseded by command line.  Verify processor symbol.
                      00002  PROCESSOR P16F628A
                      00003  #INCLUDE<P16F628A.INC>
                      00001         LIST
                      00002 
                      00003 ;==========================================================================
                      00004 ; Build date : Oct 24 2019
                      00005 ;  MPASM PIC16F628A processor include
                      00006 ; 
                      00007 ;  (c) Copyright 1999-2019 Microchip Technology, All rights reserved
                      00008 ;==========================================================================
                      00009 
                      00386         LIST
                      00004 ; CONFIG
                      00005 ; __config 0xFF42
2007   3F42           00006  __CONFIG _FOSC_HS & _WDTE_OFF & _PWRTE_ON & _MCLRE_OFF & _BOREN_ON & _LVP_OFF & _CPD_OFF & _CP_OFF
                      00007  
  00000055            00008 CAMBIO_COLOR EQU 0x55
  000000AA            00009 CAMBIO_BRILLO EQU 0xAA
  000000FF            00010 MODO_AUTO EQU 0xFF
                      00011  
                      00012  CBLOCK 0x20
  00000020            00013     R_CONTA
  00000021            00014     R_CONTB
                      00015  ENDC
                      00016  
                      00017  ORG 0
0000                  00018 SETUP:
0000   1683           00019     BSF STATUS,RP0
0001   1303           00020     BCF STATUS,RP1      ;BANCO 1.
Message[302]: Register in operand not in bank 0.  Ensure that bank bits are correct.
0002   1005           00021     BCF TRISA,0
0003   3072           00022     MOVLW B'01110010'   ;BOTONES, ;SALIDA TX -> B2, ENTRADA RX -> B1.
Message[302]: Register in operand not in bank 0.  Ensure that bank bits are correct.
0004   0086           00023     MOVWF TRISB
0005   3024           00024     MOVLW B'00100100'
Message[302]: Register in operand not in bank 0.  Ensure that bank bits are correct.
0006   0098           00025     MOVWF TXSTA
0007   3019           00026     MOVLW D'25'         ;2400 BAUDIOS.
Message[302]: Register in operand not in bank 0.  Ensure that bank bits are correct.
0008   0099           00027     MOVWF SPBRG
0009   1283           00028     BCF STATUS,RP0      ;BANCO 0.
000A   3007           00029     MOVLW 0x07
000B   009F           00030     MOVWF CMCON         ;APAGA LOS COMPARADORES.
000C   3088           00031     MOVLW B'10001000'
000D   0098           00032     MOVWF RCSTA
000E                  00033 PROGRAMA:
000E   1A06           00034     BTFSC PORTB,4
000F   2???           00035     GOTO CAMBIO_RGB
0010   1A86           00036     BTFSC PORTB,5
0011   2???           00037     GOTO CAMBIO_PWM
0012   1A06           00038     BTFSC PORTB,4
MPASM 5.86                       RX_628A.ASM   9-12-2020  22:53:19         PAGE  2


LOC  OBJECT CODE     LINE SOURCE TEXT
  VALUE

0013   2???           00039     GOTO CAMBIO_AUTO
0014   2???           00040     GOTO PROGRAMA 
                      00041 
0015                  00042 CAMBIO_RGB:
0015   1A06           00043     BTFSC PORTB,4
0016   2???           00044     GOTO CAMBIO_RGB
0017   1405           00045     BSF PORTA,0
0018   3055           00046     MOVLW CAMBIO_COLOR
0019   0099           00047     MOVWF TXREG
001A   2???           00048     CALL RETARDO_20MS
001B   2???           00049     GOTO PROGRAMA
                      00050     
001C                  00051 CAMBIO_PWM:
001C   1A86           00052     BTFSC PORTB,5
001D   2???           00053     GOTO CAMBIO_PWM
001E   30AA           00054     MOVLW CAMBIO_BRILLO
001F   0099           00055     MOVWF TXREG
0020   2???           00056     CALL RETARDO_20MS
0021   2???           00057     GOTO PROGRAMA
                      00058     
0022                  00059 CAMBIO_AUTO:
0022   1A06           00060     BTFSC PORTB,4
0023   2???           00061     GOTO CAMBIO_AUTO
0024   30FF           00062     MOVLW MODO_AUTO
0025   0099           00063     MOVWF TXREG
0026   2???           00064     CALL RETARDO_20MS
0027   2???           00065     GOTO PROGRAMA
                      00066 
0028                  00067 RETARDO_20MS:                           ; La llamada "call" aporta 2 ciclos máquina.
0028   3014           00068     MOVLW       D'20'                   ; Aporta 1 ciclo máquina. Este es el valor de "M".
0029   00A1           00069     MOVWF       R_CONTB                 ; Aporta 1 ciclo máquina.
002A                  00070 R1MS_BUCLEEXTERNO:
002A   30F9           00071     MOVLW       D'249'                  ; Aporta Mx1 ciclos máquina. Este es el valor de "K".   
002B   00A0           00072     MOVWF       R_CONTA                 ; Aporta Mx1 ciclos máquina.
002C                  00073 R1MS_BUCLEINTERNO:
002C   0000           00074     NOP                         ; Aporta KxMx1 ciclos máquina.
002D   0BA0           00075     DECFSZ      R_CONTA,F               ; (K-1)xMx1 cm (cuando no salta) + Mx2 cm (al saltar).
002E   2???           00076     GOTO        R1MS_BUCLEINTERNO       ; Aporta (K-1)xMx2 ciclos máquina.
002F   0BA1           00077     DECFSZ      R_CONTB,F               ; (M-1)x1 cm (cuando no salta) + 2 cm (al saltar).
0030   2???           00078     GOTO        R1MS_BUCLEEXTERNO       ; Aporta (M-1)x2 ciclos máquina.
0031   0008           00079     RETURN
3F42                  00080     END
MPASM 5.86                       RX_628A.ASM   9-12-2020  22:53:19         PAGE  3


SYMBOL TABLE
  LABEL                             VALUE 

ADDEN                             00000003
ADEN                              00000003
BRGH                              00000002
C                                 00000000
C1INV                             00000004
C1OUT                             00000006
C2INV                             00000005
C2OUT                             00000007
CAMBIO_AUTO                       00000022
CAMBIO_BRILLO                     000000AA
CAMBIO_COLOR                      00000055
CAMBIO_PWM                        0000001C
CAMBIO_RGB                        00000015
CCP1CON                           00000017
CCP1IE                            00000002
CCP1IF                            00000002
CCP1M0                            00000000
CCP1M1                            00000001
CCP1M2                            00000002
CCP1M3                            00000003
CCP1X                             00000005
CCP1Y                             00000004
CCPR1                             00000015
CCPR1H                            00000016
CCPR1L                            00000015
CIS                               00000003
CM0                               00000000
CM1                               00000001
CM2                               00000002
CMCON                             0000001F
CMIE                              00000006
CMIF                              00000006
CREN                              00000004
CSRC                              00000007
DATA_CP_OFF                       00003FFF
DATA_CP_ON                        00003EFF
DC                                00000001
EEADR                             0000009B
EECON1                            0000009C
EECON2                            0000009D
EEDATA                            0000009A
EEIE                              00000007
EEIF                              00000007
F                                 00000001
FERR                              00000002
FSR                               00000004
GIE                               00000007
INDF                              00000000
INTCON                            0000000B
INTE                              00000004
INTEDG                            00000006
INTF                              00000001
IRP                               00000007
MPASM 5.86                       RX_628A.ASM   9-12-2020  22:53:19         PAGE  4


SYMBOL TABLE
  LABEL                             VALUE 

MODO_AUTO                         000000FF
NOT_BO                            00000000
NOT_BOD                           00000000
NOT_BOR                           00000000
NOT_PD                            00000003
NOT_POR                           00000001
NOT_RBPU                          00000007
NOT_T1SYNC                        00000002
NOT_TO                            00000004
OERR                              00000001
OPTION_REG                        00000081
OSCF                              00000003
PCL                               00000002
PCLATH                            0000000A
PCON                              0000008E
PEIE                              00000006
PIE1                              0000008C
PIR1                              0000000C
PORTA                             00000005
PORTB                             00000006
PR2                               00000092
PROGRAMA                          0000000E
PS0                               00000000
PS1                               00000001
PS2                               00000002
PSA                               00000003
R1MS_BUCLEEXTERNO                 0000002A
R1MS_BUCLEINTERNO                 0000002C
RA0                               00000000
RA1                               00000001
RA2                               00000002
RA3                               00000003
RA4                               00000004
RA5                               00000005
RA6                               00000006
RA7                               00000007
RB0                               00000000
RB1                               00000001
RB2                               00000002
RB3                               00000003
RB4                               00000004
RB5                               00000005
RB6                               00000006
RB7                               00000007
RBIE                              00000003
RBIF                              00000000
RCIE                              00000005
RCIF                              00000005
RCREG                             0000001A
RCSTA                             00000018
RD                                00000000
RETARDO_20MS                      00000028
RP0                               00000005
MPASM 5.86                       RX_628A.ASM   9-12-2020  22:53:19         PAGE  5


SYMBOL TABLE
  LABEL                             VALUE 

RP1                               00000006
RX9                               00000006
RX9D                              00000000
R_CONTA                           00000020
R_CONTB                           00000021
SETUP                             00000000
SPBRG                             00000099
SPEN                              00000007
SREN                              00000005
STATUS                            00000003
SYNC                              00000004
T0CS                              00000005
T0IE                              00000005
T0IF                              00000002
T0SE                              00000004
T1CKPS0                           00000004
T1CKPS1                           00000005
T1CON                             00000010
T1OSCEN                           00000003
T2CKPS0                           00000000
T2CKPS1                           00000001
T2CON                             00000012
TMR0                              00000001
TMR0IE                            00000005
TMR0IF                            00000002
TMR1                              0000000E
TMR1CS                            00000001
TMR1H                             0000000F
TMR1IE                            00000000
TMR1IF                            00000000
TMR1L                             0000000E
TMR1ON                            00000000
TMR2                              00000011
TMR2IE                            00000001
TMR2IF                            00000001
TMR2ON                            00000002
TOUTPS0                           00000003
TOUTPS1                           00000004
TOUTPS2                           00000005
TOUTPS3                           00000006
TRISA                             00000085
TRISA0                            00000000
TRISA1                            00000001
TRISA2                            00000002
TRISA3                            00000003
TRISA4                            00000004
TRISA5                            00000005
TRISA6                            00000006
TRISA7                            00000007
TRISB                             00000086
TRISB0                            00000000
TRISB1                            00000001
TRISB2                            00000002
MPASM 5.86                       RX_628A.ASM   9-12-2020  22:53:19         PAGE  6


SYMBOL TABLE
  LABEL                             VALUE 

TRISB3                            00000003
TRISB4                            00000004
TRISB5                            00000005
TRISB6                            00000006
TRISB7                            00000007
TRMT                              00000001
TX9                               00000006
TX9D                              00000000
TXEN                              00000005
TXIE                              00000004
TXIF                              00000004
TXREG                             00000019
TXSTA                             00000098
VR0                               00000000
VR1                               00000001
VR2                               00000002
VR3                               00000003
VRCON                             0000009F
VREN                              00000007
VROE                              00000006
VRR                               00000005
W                                 00000000
WR                                00000001
WREN                              00000002
WRERR                             00000003
Z                                 00000002
_BODEN_OFF                        00003FBF
_BODEN_ON                         00003FFF
_BOREN_OFF                        00003FBF
_BOREN_ON                         00003FFF
_CONFIG                           00002007
_CPD_OFF                          00003FFF
_CPD_ON                           00003EFF
_CP_OFF                           00003FFF
_CP_ON                            00001FFF
_DEVID1                           00002006
_ER_OSC_CLKOUT                    00003FFF
_ER_OSC_NOCLKOUT                  00003FFE
_EXTCLK_OSC                       00003FEF
_FOSC_ECIO                        00003FEF
_FOSC_EXTRCCLK                    00003FFF
_FOSC_EXTRCIO                     00003FFE
_FOSC_HS                          00003FEE
_FOSC_INTOSCCLK                   00003FFD
_FOSC_INTOSCIO                    00003FFC
_FOSC_LP                          00003FEC
_FOSC_XT                          00003FED
_HS_OSC                           00003FEE
_IDLOC0                           00002000
_IDLOC1                           00002001
_IDLOC2                           00002002
_IDLOC3                           00002003
_INTOSC_OSC_CLKOUT                00003FFD
MPASM 5.86                       RX_628A.ASM   9-12-2020  22:53:19         PAGE  7


SYMBOL TABLE
  LABEL                             VALUE 

_INTOSC_OSC_NOCLKOUT              00003FFC
_INTRC_OSC_CLKOUT                 00003FFD
_INTRC_OSC_NOCLKOUT               00003FFC
_LP_OSC                           00003FEC
_LVP_OFF                          00003F7F
_LVP_ON                           00003FFF
_MCLRE_OFF                        00003FDF
_MCLRE_ON                         00003FFF
_PWRTE_OFF                        00003FFF
_PWRTE_ON                         00003FF7
_RC_OSC_CLKOUT                    00003FFF
_RC_OSC_NOCLKOUT                  00003FFE
_WDTE_OFF                         00003FFB
_WDTE_ON                          00003FFF
_WDT_OFF                          00003FFB
_WDT_ON                           00003FFF
_XT_OSC                           00003FED
__16F628A                         00000001

Errors   :     0
Warnings :     1 reported,     0 suppressed
Messages :     4 reported,     0 suppressed

