Warning[205] E:\PROYECTOS\PIC\SONY_IR_RCV\SONY_IR_RCV.X\RECEPTOR.ASM 2 : Found directive in column 1. (LIST)
Warning[205] E:\PROYECTOS\PIC\SONY_IR_RCV\SONY_IR_RCV.X\MACROS.INC 90 : Found directive in column 1. (endm)
Warning[205] E:\PROYECTOS\PIC\SONY_IR_RCV\SONY_IR_RCV.X\MACROS.INC 97 : Found directive in column 1. (endm)
Warning[205] E:\PROYECTOS\PIC\SONY_IR_RCV\SONY_IR_RCV.X\MACROS.INC 104 : Found directive in column 1. (endm)
Warning[205] E:\PROYECTOS\PIC\SONY_IR_RCV\SONY_IR_RCV.X\MACROS.INC 111 : Found directive in column 1. (endm)
Warning[205] E:\PROYECTOS\PIC\SONY_IR_RCV\SONY_IR_RCV.X\MACROS.INC 118 : Found directive in column 1. (endm)
Warning[205] E:\PROYECTOS\PIC\SONY_IR_RCV\SONY_IR_RCV.X\MACROS.INC 124 : Found directive in column 1. (endm)
Warning[205] E:\PROYECTOS\PIC\SONY_IR_RCV\SONY_IR_RCV.X\MACROS.INC 130 : Found directive in column 1. (endm)
Warning[205] E:\PROYECTOS\PIC\SONY_IR_RCV\SONY_IR_RCV.X\MACROS.INC 136 : Found directive in column 1. (endm)
Warning[205] E:\PROYECTOS\PIC\SONY_IR_RCV\SONY_IR_RCV.X\MACROS.INC 140 : Found directive in column 1. (endm)
Warning[205] E:\PROYECTOS\PIC\SONY_IR_RCV\SONY_IR_RCV.X\MACROS.INC 145 : Found directive in column 1. (endm)
Warning[205] E:\PROYECTOS\PIC\SONY_IR_RCV\SONY_IR_RCV.X\MACROS.INC 186 : Found directive in column 1. (endm)
Warning[205] E:\PROYECTOS\PIC\SONY_IR_RCV\SONY_IR_RCV.X\MACROS.INC 221 : Found directive in column 1. (endm)
Warning[205] E:\PROYECTOS\PIC\SONY_IR_RCV\SONY_IR_RCV.X\MACROS.INC 225 : Found directive in column 1. (endm)
Warning[205] E:\PROYECTOS\PIC\SONY_IR_RCV\SONY_IR_RCV.X\MACROS.INC 288 : Found directive in column 1. (endm)
Warning[205] E:\PROYECTOS\PIC\SONY_IR_RCV\SONY_IR_RCV.X\MACROS.INC 331 : Found directive in column 1. (endm)
Warning[205] E:\PROYECTOS\PIC\SONY_IR_RCV\SONY_IR_RCV.X\MACROS.INC 344 : Found directive in column 1. (endm)
Warning[207] E:\PROYECTOS\PIC\SONY_IR_RCV\SONY_IR_RCV.X\MACROS.INC 345 : Found label after column 1. (desplazaderecha)
Warning[207] E:\PROYECTOS\PIC\SONY_IR_RCV\SONY_IR_RCV.X\MACROS.INC 349 : Found label after column 1. (desplazaizquierda)
Warning[207] E:\PROYECTOS\PIC\SONY_IR_RCV\SONY_IR_RCV.X\MACROS.INC 353 : Found label after column 1. (apagarpantalla)
Warning[207] E:\PROYECTOS\PIC\SONY_IR_RCV\SONY_IR_RCV.X\MACROS.INC 367 : Found label after column 1. (PULSOSUB)
Warning[205] E:\PROYECTOS\PIC\SONY_IR_RCV\SONY_IR_RCV.X\MACROS.INC 381 : Found directive in column 1. (endm)
Warning[205] E:\PROYECTOS\PIC\SONY_IR_RCV\SONY_IR_RCV.X\MACROS.INC 389 : Found directive in column 1. (endm)
Warning[205] E:\PROYECTOS\PIC\SONY_IR_RCV\SONY_IR_RCV.X\MACROS.INC 398 : Found directive in column 1. (endm)
Warning[205] E:\PROYECTOS\PIC\SONY_IR_RCV\SONY_IR_RCV.X\MACROS.INC 408 : Found directive in column 1. (endm)
Warning[205] E:\PROYECTOS\PIC\SONY_IR_RCV\SONY_IR_RCV.X\MACROS.INC 422 : Found directive in column 1. (endm)
Warning[205] E:\PROYECTOS\PIC\SONY_IR_RCV\SONY_IR_RCV.X\MACROS.INC 428 : Found directive in column 1. (endm)
Warning[205] E:\PROYECTOS\PIC\SONY_IR_RCV\SONY_IR_RCV.X\MACROS.INC 436 : Found directive in column 1. (endm)
Warning[205] E:\PROYECTOS\PIC\SONY_IR_RCV\SONY_IR_RCV.X\MACROS.INC 441 : Found directive in column 1. (endm)
Warning[205] E:\PROYECTOS\PIC\SONY_IR_RCV\SONY_IR_RCV.X\MACROS.INC 449 : Found directive in column 1. (endm)
Warning[205] E:\PROYECTOS\PIC\SONY_IR_RCV\SONY_IR_RCV.X\MACROS.INC 457 : Found directive in column 1. (endm)
Warning[205] E:\PROYECTOS\PIC\SONY_IR_RCV\SONY_IR_RCV.X\RECEPTOR.ASM 17 : Found directive in column 1. (ENDC)
Message[305] E:\PROYECTOS\PIC\SONY_IR_RCV\SONY_IR_RCV.X\RECEPTOR.ASM 43 : Using default destination of 1 (file).
Message[305] E:\PROYECTOS\PIC\SONY_IR_RCV\SONY_IR_RCV.X\RECEPTOR.ASM 44 : Using default destination of 1 (file).
Message[305] E:\PROYECTOS\PIC\SONY_IR_RCV\SONY_IR_RCV.X\RECEPTOR.ASM 46 : Using default destination of 1 (file).
Message[305] E:\PROYECTOS\PIC\SONY_IR_RCV\SONY_IR_RCV.X\RECEPTOR.ASM 47 : Using default destination of 1 (file).
Message[305] E:\PROYECTOS\PIC\SONY_IR_RCV\SONY_IR_RCV.X\RECEPTOR.ASM 49 : Using default destination of 1 (file).
Message[305] E:\PROYECTOS\PIC\SONY_IR_RCV\SONY_IR_RCV.X\RECEPTOR.ASM 50 : Using default destination of 1 (file).
Message[305] E:\PROYECTOS\PIC\SONY_IR_RCV\SONY_IR_RCV.X\RECEPTOR.ASM 52 : Using default destination of 1 (file).
Message[305] E:\PROYECTOS\PIC\SONY_IR_RCV\SONY_IR_RCV.X\RECEPTOR.ASM 53 : Using default destination of 1 (file).
Message[305] E:\PROYECTOS\PIC\SONY_IR_RCV\SONY_IR_RCV.X\RECEPTOR.ASM 58 : Using default destination of 1 (file).
Message[302] E:\PROYECTOS\PIC\SONY_IR_RCV\SONY_IR_RCV.X\RECEPTOR.ASM 86 : Register in operand not in bank 0.  Ensure that bank bits are correct.
Message[302] E:\PROYECTOS\PIC\SONY_IR_RCV\SONY_IR_RCV.X\RECEPTOR.ASM 87 : Register in operand not in bank 0.  Ensure that bank bits are correct.
Message[302] E:\PROYECTOS\PIC\SONY_IR_RCV\SONY_IR_RCV.X\RECEPTOR.ASM 90 : Register in operand not in bank 0.  Ensure that bank bits are correct.
Message[302] E:\PROYECTOS\PIC\SONY_IR_RCV\SONY_IR_RCV.X\RECEPTOR.ASM 91 : Register in operand not in bank 0.  Ensure that bank bits are correct.
Message[302] E:\PROYECTOS\PIC\SONY_IR_RCV\SONY_IR_RCV.X\RECEPTOR.ASM 93 : Register in operand not in bank 0.  Ensure that bank bits are correct.
Message[305] E:\PROYECTOS\PIC\SONY_IR_RCV\SONY_IR_RCV.X\RECEPTOR.ASM 115 : Using default destination of 1 (file).
Message[305] E:\PROYECTOS\PIC\SONY_IR_RCV\SONY_IR_RCV.X\RECEPTOR.ASM 116 : Using default destination of 1 (file).
Message[305] E:\PROYECTOS\PIC\SONY_IR_RCV\SONY_IR_RCV.X\RECEPTOR.ASM 121 : Using default destination of 1 (file).
Message[305] E:\PROYECTOS\PIC\SONY_IR_RCV\SONY_IR_RCV.X\RECEPTOR.ASM 122 : Using default destination of 1 (file).
Warning[207] E:\PROYECTOS\PIC\SONY_IR_RCV\SONY_IR_RCV.X\RETARDOS.INC 20 : Found label after column 1. (retbucle1)
Warning[207] E:\PROYECTOS\PIC\SONY_IR_RCV\SONY_IR_RCV.X\RETARDOS.INC 23 : Found label after column 1. (retbucle2)
Warning[207] E:\PROYECTOS\PIC\SONY_IR_RCV\SONY_IR_RCV.X\RETARDOS.INC 26 : Found label after column 1. (retbucle3)
Warning[203] E:\PROYECTOS\PIC\SONY_IR_RCV\SONY_IR_RCV.X\RETARDOS.INC 35 : Found opcode in column 1. (RETURN)
Warning[207] E:\PROYECTOS\PIC\SONY_IR_RCV\SONY_IR_RCV.X\RETARDOS.INC 38 : Found label after column 1. (retbucle1a)
Warning[207] E:\PROYECTOS\PIC\SONY_IR_RCV\SONY_IR_RCV.X\RETARDOS.INC 41 : Found label after column 1. (retbucle2a)
Warning[207] E:\PROYECTOS\PIC\SONY_IR_RCV\SONY_IR_RCV.X\RETARDOS.INC 44 : Found label after column 1. (retbucle3a)
Warning[207] E:\PROYECTOS\PIC\SONY_IR_RCV\SONY_IR_RCV.X\RETARDOS.INC 47 : Found label after column 1. (retbucle4a)
Warning[203] E:\PROYECTOS\PIC\SONY_IR_RCV\SONY_IR_RCV.X\RETARDOS.INC 57 : Found opcode in column 1. (RETURN)
Warning[205] E:\PROYECTOS\PIC\SONY_IR_RCV\SONY_IR_RCV.X\LCD20X4.INC 1 : Found directive in column 1. (CBLOCK)
Warning[205] E:\PROYECTOS\PIC\SONY_IR_RCV\SONY_IR_RCV.X\LCD20X4.INC 10 : Found directive in column 1. (ENDC)
Message[302] E:\PROYECTOS\PIC\SONY_IR_RCV\SONY_IR_RCV.X\LCD20X4.INC 90 : Register in operand not in bank 0.  Ensure that bank bits are correct.
Message[302] E:\PROYECTOS\PIC\SONY_IR_RCV\SONY_IR_RCV.X\LCD20X4.INC 113 : Register in operand not in bank 0.  Ensure that bank bits are correct.
Message[302] E:\PROYECTOS\PIC\SONY_IR_RCV\SONY_IR_RCV.X\LCD20X4.INC 127 : Register in operand not in bank 0.  Ensure that bank bits are correct.
Message[302] E:\PROYECTOS\PIC\SONY_IR_RCV\SONY_IR_RCV.X\LCD20X4.INC 128 : Register in operand not in bank 0.  Ensure that bank bits are correct.
Message[302] E:\PROYECTOS\PIC\SONY_IR_RCV\SONY_IR_RCV.X\LCD20X4.INC 129 : Register in operand not in bank 0.  Ensure that bank bits are correct.
Message[302] E:\PROYECTOS\PIC\SONY_IR_RCV\SONY_IR_RCV.X\LCD20X4.INC 130 : Register in operand not in bank 0.  Ensure that bank bits are correct.
