MPASM 5.86                  LED_PARPADEO.ASM   1-5-2020  0:06:48         PAGE  1


LOC  OBJECT CODE     LINE SOURCE TEXT
  VALUE

                      00001     PROCESSOR 16F887
                      00002     #INCLUDE <P16F887.INC>
                      00001         LIST
                      00002 
                      00003 ;==========================================================================
                      00004 ; Build date : Oct 24 2019
                      00005 ;  MPASM PIC16F887 processor include
                      00006 ; 
                      00007 ;  (c) Copyright 1999-2019 Microchip Technology, All rights reserved
                      00008 ;==========================================================================
                      00009 
                      00810         LIST
                      00003     LIST P=16F887
                      00004     ; CONFIG1
                      00005     ; __config 0xFFE2
2007   3FE2           00006      __CONFIG _CONFIG1, _FOSC_HS & _WDTE_OFF & _PWRTE_ON & _MCLRE_ON & _CP_OFF & _CPD_OFF & _BOREN_ON & 
                            _IESO_ON & _FCMEN_ON & _LVP_ON
                      00007     ; CONFIG2
                      00008     ; __config 0xFFFF
2008   3FFF           00009     __CONFIG _CONFIG2, _BOR4V_BOR40V & _WRT_OFF
                      00010     CBLOCK 0x00
                      00011     ENDC
                      00012     ORG 0
0000                  00013 INICIO
0000   1683           00014     BSF STATUS,RP0  
0001   1303           00015     BCF STATUS,RP1
0002   3000           00016     MOVLW B'00000000'
Message[302]: Register in operand not in bank 0.  Ensure that bank bits are correct.
0003   0088           00017     MOVWF TRISD
0004   1283           00018     BCF STATUS, RP0
0005   1303           00019     BCF STATUS, RP1
0006   2???           00020     CALL RETARDO_5S
0007   1408           00021     BSF PORTD,0
0008   2???           00022     CALL RETARDO_5S
0009   1008           00023     BCF PORTD,0
000A   2???           00024     GOTO INICIO
                      00025     #INCLUDE <RETARDOS.INC>
                      00001 ;**************************** Librería "RETARDOS.INC" *********************************
                      00002 ;       ===================================================================
                      00003 ;         Del libro "MICROCONTROLADOR PIC16F84. DESARROLLO DE PROYECTOS"
                      00004 ;         E. Palacios, F. Remiro y L. López.
                      00005 ;         Editorial Ra-Ma.  www.ra-ma.es
                      00006 ;       ===================================================================
                      00007 ;
                      00008 ; Librería con múltiples subrutinas de retardos, desde 4 microsegundos hasta 20 segundos. 
                      00009 ; Además se pueden implementar otras subrutinas muy fácilmente.
                      00010 ;
                      00011 ; Se han calculado para un sistema microcontrolador con un PIC trabajando con un cristal
                      00012 ; de cuarzo a 4 MHz. Como cada ciclo máquina son 4 ciclos de reloj, resulta que cada
                      00013 ; ciclo máquina tarda 4 x 1/4MHz = 1 µs.
                      00014 ; En los comentarios, "cm" significa "ciclos máquina".
                      00015 ; ZONA DE DATOS *********************************************************************
                      00016     CBLOCK
MPASM 5.86                  LED_PARPADEO.ASM   1-5-2020  0:06:48         PAGE  2


LOC  OBJECT CODE     LINE SOURCE TEXT
  VALUE

  00000000            00017     R_CONTA                             ; Contadores para los retardos.
  00000001            00018     R_CONTB
  00000002            00019     R_CONTC
                      00020     ENDC
                      00021 ; RETARDOS de 4 hasta 10 microsegundos ---------------------------------------------------
                      00022 ; A continuación retardos pequeños teniendo en cuenta que para una frecuencia de 4 MHZ,
                      00023 ; la llamada a subrutina "call" tarda 2 ciclos máquina, el retorno de subrutina
                      00024 ; "return" toma otros 2 ciclos máquina y cada instrucción "nop" tarda 1 ciclo máquina.
000B                  00025 RETARDO_10MICROS                                ; La llamada "call" aporta 2 ciclos máquina.
000B   0000           00026     NOP                         ; Aporta 1 ciclo máquina.
000C   0000           00027     NOP                         ; Aporta 1 ciclo máquina.
000D   0000           00028     NOP                         ; Aporta 1 ciclo máquina.
000E   0000           00029     NOP                         ; Aporta 1 ciclo máquina.
000F   0000           00030     NOP                         ; Aporta 1 ciclo máquina.
0010                  00031 RETARDO_5MICROS                 ; La llamada "call" aporta 2 ciclos máquina.
0010   0000           00032     NOP                         ; Aporta 1 ciclo máquina.
0011                  00033 RETARDO_4MICROS                 ; La llamada "call" aporta 2 ciclos máquina.
0011   0008           00034     RETURN                              ; El salto del retorno aporta 2 ciclos máquina.
                      00035 ; RETARDOS de 20 hasta 500 microsegundos ------------------------------------------------
0012                  00036 RETARDO_500MICROS                       ; La llamada "call" aporta 2 ciclos máquina.
0012   0000           00037     NOP                                 ; Aporta 1 ciclo máquina.
0013   30A4           00038     MOVLW       D'164'                  ; Aporta 1 ciclo máquina. Este es el valor de "K".
0014   2???           00039     GOTO        RETARDOMICROS           ; Aporta 2 ciclos máquina.
0015                  00040 RETARDO_200MICROS                       ; La llamada "call" aporta 2 ciclos máquina.
0015   0000           00041     NOP                                 ; Aporta 1 ciclo máquina.
0016   3040           00042     MOVLW       D'64'                   ; Aporta 1 ciclo máquina. Este es el valor de "K".
0017   2???           00043     GOTO        RETARDOMICROS           ; Aporta 2 ciclos máquina.
0018                  00044 RETARDO_100MICROS                       ; La llamada "call" aporta 2 ciclos máquina.
0018   301F           00045     MOVLW       D'31'                   ; Aporta 1 ciclo máquina. Este es el valor de "K".
0019   2???           00046     GOTO        RETARDOMICROS           ; Aporta 2 ciclos máquina.
001A                  00047 RETARDO_50MICROS                        ; La llamada "call" aporta 2 ciclos máquina.
001A   0000           00048     NOP                                 ; Aporta 1 ciclo máquina.
001B   300E           00049     MOVLW       D'14'                   ; Aporta 1 ciclo máquina. Este es el valor de "K".
001C   2???           00050     GOTO        RETARDOMICROS           ; Aporta 2 ciclos máquina.
001D                  00051 RETARDO_20MICROS                                ; La llamada "call" aporta 2 ciclos máquina.
001D   3005           00052     MOVLW       D'5'                    ; Aporta 1 ciclo máquina. Este es el valor de "K".
                      00053 ; El próximo bloque "RetardoMicros" tarda:
                      00054 ; 1 + (K-1) + 2 + (K-1)x2 + 2 = (2 + 3K) ciclos máquina.
001E                  00055 RETARDOMICROS
001E   0080           00056     MOVWF       R_CONTA                 ; Aporta 1 ciclo máquina.
001F                  00057 RMICROS_BUCLE
001F   0B80           00058     DECFSZ      R_CONTA,F               ; (K-1)x1 cm (cuando no salta) + 2 cm (al saltar).
0020   2???           00059     GOTO        RMICROS_BUCLE           ; Aporta (K-1)x2 ciclos máquina.
0021   0008           00060     RETURN                              ; El salto del retorno aporta 2 ciclos máquina.
                      00061 ;En total estas subrutinas tardan:
                      00062 ; - Retardo_500micros:  2 + 1 + 1 + 2 + (2 + 3K) = 500 cm = 500 µs. (para K=164 y 4 MHz).
                      00063 ; - Retardo_200micros:  2 + 1 + 1 + 2 + (2 + 3K) = 200 cm = 200 µs. (para K= 64 y 4 MHz).
                      00064 ; - Retardo_100micros:  2     + 1 + 2 + (2 + 3K) = 100 cm = 100 µs. (para K= 31 y 4 MHz).
                      00065 ; - Retardo_50micros :  2 + 1 + 1 + 2 + (2 + 3K) =  50 cm =  50 µs. (para K= 14 y 4 MHz).
                      00066 ; - Retardo_20micros :  2     + 1     + (2 + 3K) =  20 cm =  20 µs. (para K=  5 y 4 MHz).
                      00067 ; RETARDOS de 1 ms hasta 200 ms. --------------------------------------------------------
0022                  00068 RETARDO_200MS                           ; La llamada "call" aporta 2 ciclos máquina.
0022   30C8           00069     MOVLW       D'200'                  ; Aporta 1 ciclo máquina. Este es el valor de "M".
MPASM 5.86                  LED_PARPADEO.ASM   1-5-2020  0:06:48         PAGE  3


LOC  OBJECT CODE     LINE SOURCE TEXT
  VALUE

0023   2???           00070     GOTO        RETARDOS_MS             ; Aporta 2 ciclos máquina.
0024                  00071 RETARDO_100MS                           ; La llamada "call" aporta 2 ciclos máquina.
0024   3064           00072     MOVLW       D'100'                  ; Aporta 1 ciclo máquina. Este es el valor de "M".
0025   2???           00073     GOTO        RETARDOS_MS             ; Aporta 2 ciclos máquina.
0026                  00074 RETARDO_50MS                            ; La llamada "call" aporta 2 ciclos máquina.
0026   3032           00075     MOVLW       D'50'                   ; Aporta 1 ciclo máquina. Este es el valor de "M".
0027   2???           00076     GOTO        RETARDOS_MS             ; Aporta 2 ciclos máquina.
0028                  00077 RETARDO_20MS                            ; La llamada "call" aporta 2 ciclos máquina.    
0028   3014           00078     MOVLW       D'20'                   ; Aporta 1 ciclo máquina. Este es el valor de "M".
0029   2???           00079     GOTO        RETARDOS_MS             ; Aporta 2 ciclos máquina.
002A                  00080 RETARDO_10MS                            ; La llamada "call" aporta 2 ciclos máquina.
002A   300A           00081     MOVLW       D'10'                   ; Aporta 1 ciclo máquina. Este es el valor de "M".
002B   2???           00082     GOTO        RETARDOS_MS             ; Aporta 2 ciclos máquina.
002C                  00083 RETARDO_5MS                             ; La llamada "call" aporta 2 ciclos máquina.
002C   3005           00084     MOVLW       D'5'                    ; Aporta 1 ciclo máquina. Este es el valor de "M".
002D   2???           00085     GOTO        RETARDOS_MS             ; Aporta 2 ciclos máquina.
002E                  00086 RETARDO_2MS                             ; La llamada "call" aporta 2 ciclos máquina.
002E   3002           00087     MOVLW       D'2'                    ; Aporta 1 ciclo máquina. Este es el valor de "M".
002F   2???           00088     GOTO        RETARDOS_MS             ; Aporta 2 ciclos máquina.
0030                  00089 RETARDO_1MS                             ; La llamada "call" aporta 2 ciclos máquina.
0030   3001           00090     MOVLW       D'1'                    ; Aporta 1 ciclo máquina. Este es el valor de "M".
                      00091 ; El próximo bloque "Retardos_ms" tarda:
                      00092 ; 1 + M + M + KxM + (K-1)xM + Mx2 + (K-1)Mx2 + (M-1) + 2 + (M-1)x2 + 2 =
                      00093 ; = (2 + 4M + 4KM) ciclos máquina. Para K=249 y M=1 supone 1002 ciclos máquina
                      00094 ; que a 4 MHz son 1002 µs = 1 ms.
0031                  00095 RETARDOS_MS
0031   0081           00096     MOVWF       R_CONTB                 ; Aporta 1 ciclo máquina.
0032                  00097 R1MS_BUCLEEXTERNO
0032   30F9           00098     MOVLW       D'249'                  ; Aporta Mx1 ciclos máquina. Este es el valor de "K".   
0033   0080           00099     MOVWF       R_CONTA                 ; Aporta Mx1 ciclos máquina.
0034                  00100 R1MS_BUCLEINTERNO
0034   0000           00101     NOP                         ; Aporta KxMx1 ciclos máquina.
0035   0B80           00102     DECFSZ      R_CONTA,F               ; (K-1)xMx1 cm (cuando no salta) + Mx2 cm (al saltar).
0036   2???           00103     GOTO        R1MS_BUCLEINTERNO       ; Aporta (K-1)xMx2 ciclos máquina.
0037   0B81           00104     DECFSZ      R_CONTB,F               ; (M-1)x1 cm (cuando no salta) + 2 cm (al saltar).
0038   2???           00105     GOTO        R1MS_BUCLEEXTERNO       ; Aporta (M-1)x2 ciclos máquina.
0039   0008           00106     RETURN                              ; El salto del retorno aporta 2 ciclos máquina.
                      00107 ;En total estas subrutinas tardan:
                      00108 ; - Retardo_200ms:      2 + 1 + 2 + (2 + 4M + 4KM) = 200007 cm = 200 ms. (M=200 y K=249).
                      00109 ; - Retardo_100ms:      2 + 1 + 2 + (2 + 4M + 4KM) = 100007 cm = 100 ms. (M=100 y K=249).
                      00110 ; - Retardo_50ms :      2 + 1 + 2 + (2 + 4M + 4KM) =  50007 cm =  50 ms. (M= 50 y K=249).
                      00111 ; - Retardo_20ms :      2 + 1 + 2 + (2 + 4M + 4KM) =  20007 cm =  20 ms. (M= 20 y K=249).
                      00112 ; - Retardo_10ms :      2 + 1 + 2 + (2 + 4M + 4KM) =  10007 cm =  10 ms. (M= 10 y K=249).
                      00113 ; - Retardo_5ms  :      2 + 1 + 2 + (2 + 4M + 4KM) =   5007 cm =   5 ms. (M=  5 y K=249).
                      00114 ; - Retardo_2ms  :      2 + 1 + 2 + (2 + 4M + 4KM) =   2007 cm =   2 ms. (M=  2 y K=249).
                      00115 ; - Retardo_1ms  :      2 + 1     + (2 + 4M + 4KM) =   1005 cm =   1 ms. (M=  1 y K=249).
                      00116 ; RETARDOS de 0.5 hasta 20 segundos ---------------------------------------------------
003A                  00117 RETARDO_20S                             ; La llamada "call" aporta 2 ciclos máquina.
003A   30C8           00118     MOVLW       D'200'                  ; Aporta 1 ciclo máquina. Este es el valor de "N".
003B   2???           00119     GOTO        RETARDO_1DECIMA         ; Aporta 2 ciclos máquina.
003C                  00120 RETARDO_10S                             ; La llamada "call" aporta 2 ciclos máquina.
003C   3064           00121     MOVLW       D'100'                  ; Aporta 1 ciclo máquina. Este es el valor de "N".  
003D   2???           00122     GOTO        RETARDO_1DECIMA         ; Aporta 2 ciclos máquina.
MPASM 5.86                  LED_PARPADEO.ASM   1-5-2020  0:06:48         PAGE  4


LOC  OBJECT CODE     LINE SOURCE TEXT
  VALUE

003E                  00123 RETARDO_5S                              ; La llamada "call" aporta 2 ciclos máquina.
003E   3032           00124     MOVLW       D'50'                   ; Aporta 1 ciclo máquina. Este es el valor de "N".
003F   2???           00125     GOTO        RETARDO_1DECIMA         ; Aporta 2 ciclos máquina.
0040                  00126 RETARDO_2S                              ; La llamada "call" aporta 2 ciclos máquina.
0040   3014           00127     MOVLW       D'20'                   ; Aporta 1 ciclo máquina. Este es el valor de "N".  
0041   2???           00128     GOTO        RETARDO_1DECIMA         ; Aporta 2 ciclos máquina.
0042                  00129 RETARDO_1S                              ; La llamada "call" aporta 2 ciclos máquina.
0042   300A           00130     MOVLW       D'10'                   ; Aporta 1 ciclo máquina. Este es el valor de "N".
0043   2???           00131     GOTO        RETARDO_1DECIMA         ; Aporta 2 ciclos máquina.
0044                  00132 RETARDO_500MS                           ; La llamada "call" aporta 2 ciclos máquina.
0044   3005           00133     MOVLW       D'5'                    ; Aporta 1 ciclo máquina. Este es el valor de "N".
                      00134 ; El próximo bloque "Retardo_1Decima" tarda:
                      00135 ; 1 + N + N + MxN + MxN + KxMxN + (K-1)xMxN + MxNx2 + (K-1)xMxNx2 +
                      00136 ;   + (M-1)xN + Nx2 + (M-1)xNx2 + (N-1) + 2 + (N-1)x2 + 2 =
                      00137 ; = (2 + 4M + 4MN + 4KM) ciclos máquina. Para K=249, M=100 y N=1 supone 100011
                      00138 ; ciclos máquina que a 4 MHz son 100011 µs = 100 ms = 0,1 s = 1 décima de segundo.
0045                  00139 RETARDO_1DECIMA
0045   0082           00140     MOVWF       R_CONTC                 ; Aporta 1 ciclo máquina.
0046                  00141 R1DECIMA_BUCLEEXTERNO2
0046   3064           00142     MOVLW       D'100'                  ; Aporta Nx1 ciclos máquina. Este es el valor de "M".
0047   0081           00143     MOVWF       R_CONTB                 ; Aporta Nx1 ciclos máquina.
0048                  00144 R1DECIMA_BUCLEEXTERNO
0048   30F9           00145     MOVLW       D'249'                  ; Aporta MxNx1 ciclos máquina. Este es el valor de "K".
0049   0080           00146     MOVWF       R_CONTA                 ; Aporta MxNx1 ciclos máquina.
004A                  00147 R1DECIMA_BUCLEINTERNO         
004A   0000           00148     NOP                                 ; Aporta KxMxNx1 ciclos máquina.
004B   0B80           00149     DECFSZ      R_CONTA,F               ; (K-1)xMxNx1 cm (si no salta) + MxNx2 cm (al saltar).
004C   2???           00150     GOTO        R1DECIMA_BUCLEINTERNO   ; Aporta (K-1)xMxNx2 ciclos máquina.
004D   0B81           00151     DECFSZ      R_CONTB,F               ; (M-1)xNx1 cm (cuando no salta) + Nx2 cm (al saltar).
004E   2???           00152     GOTO        R1DECIMA_BUCLEEXTERNO   ; Aporta (M-1)xNx2 ciclos máquina.
004F   0B82           00153     DECFSZ      R_CONTC,F               ; (N-1)x1 cm (cuando no salta) + 2 cm (al saltar).
0050   2???           00154     GOTO        R1DECIMA_BUCLEEXTERNO2  ; Aporta (N-1)x2 ciclos máquina.
0051   0008           00155     RETURN                              ; El salto del retorno aporta 2 ciclos máquina.
                      00156 ;En total estas subrutinas tardan:
                      00157 ; - Retardo_20s:        2 + 1 + 2 + (2 + 4N + 4MN + 4KMN) = 20000807 cm = 20 s.
                      00158 ;                       (N=200, M=100 y K=249).
                      00159 ; - Retardo_10s:        2 + 1 + 2 + (2 + 4N + 4MN + 4KMN) = 10000407 cm = 10 s.
                      00160 ;                       (N=100, M=100 y K=249).
                      00161 ; - Retardo_5s:         2 + 1 + 2 + (2 + 4N + 4MN + 4KMN) =  5000207 cm =  5 s.
                      00162 ;                       (N= 50, M=100 y K=249).
                      00163 ; - Retardo_2s:         2 + 1 + 2 + (2 + 4N + 4MN + 4KMN) =  2000087 cm =  2 s.
                      00164 ;                       (N= 20, M=100 y K=249).
                      00165 ; - Retardo_1s:         2 + 1 + 2 + (2 + 4N + 4MN + 4KMN) =  1000047 cm =  1 s.
                      00166 ;                       (N= 10, M=100 y K=249).
                      00167 ; - Retardo_500ms:      2 + 1     + (2 + 4N + 4MN + 4KMN) =   500025 cm = 0,5 s.
                      00168 ;                       (N=  5, M=100 y K=249).
                      00169 ;       ===================================================================
                      00170 ;         Del libro "MICROCONTROLADOR PIC16F84. DESARROLLO DE PROYECTOS"
                      00171 ;         E. Palacios, F. Remiro y L. López.
                      00172 ;         Editorial Ra-Ma.  www.ra-ma.es
                      00173 ;       =====================================================
                      00174 
                      00175 
MPASM 5.86                  LED_PARPADEO.ASM   1-5-2020  0:06:48         PAGE  5


LOC  OBJECT CODE     LINE SOURCE TEXT
  VALUE

3FE2 3FFF             00026     END
MPASM 5.86                  LED_PARPADEO.ASM   1-5-2020  0:06:48         PAGE  6


SYMBOL TABLE
  LABEL                             VALUE 

ABDEN                             00000000
ABDOVF                            00000007
ACKDT                             00000005
ACKEN                             00000004
ACKSTAT                           00000006
ADCON0                            0000001F
ADCON1                            0000009F
ADCS0                             00000006
ADCS1                             00000007
ADDEN                             00000003
ADFM                              00000007
ADIE                              00000006
ADIF                              00000006
ADON                              00000000
ADRESH                            0000001E
ADRESL                            0000009E
ANS0                              00000000
ANS1                              00000001
ANS10                             00000002
ANS11                             00000003
ANS12                             00000004
ANS13                             00000005
ANS2                              00000002
ANS3                              00000003
ANS4                              00000004
ANS5                              00000005
ANS6                              00000006
ANS7                              00000007
ANS8                              00000000
ANS9                              00000001
ANSEL                             00000188
ANSELH                            00000189
BAUDCTL                           00000187
BCLIE                             00000003
BCLIF                             00000003
BF                                00000000
BRG0                              00000000
BRG1                              00000001
BRG10                             00000002
BRG11                             00000003
BRG12                             00000004
BRG13                             00000005
BRG14                             00000006
BRG15                             00000007
BRG16                             00000003
BRG2                              00000002
BRG3                              00000003
BRG4                              00000004
BRG5                              00000005
BRG6                              00000006
BRG7                              00000007
BRG8                              00000000
BRG9                              00000001
MPASM 5.86                  LED_PARPADEO.ASM   1-5-2020  0:06:48         PAGE  7


SYMBOL TABLE
  LABEL                             VALUE 

BRGH                              00000002
C                                 00000000
C1CH0                             00000000
C1CH1                             00000001
C1IE                              00000005
C1IF                              00000005
C1OE                              00000005
C1ON                              00000007
C1OUT                             00000006
C1POL                             00000004
C1R                               00000002
C1RSEL                            00000005
C1SEN                             00000005
C2CH0                             00000000
C2CH1                             00000001
C2IE                              00000006
C2IF                              00000006
C2OE                              00000005
C2ON                              00000007
C2OUT                             00000006
C2POL                             00000004
C2R                               00000002
C2REN                             00000004
C2RSEL                            00000004
C2SYNC                            00000000
CCP1CON                           00000017
CCP1IE                            00000002
CCP1IF                            00000002
CCP1M0                            00000000
CCP1M1                            00000001
CCP1M2                            00000002
CCP1M3                            00000003
CCP1X                             00000005
CCP1Y                             00000004
CCP2CON                           0000001D
CCP2IE                            00000000
CCP2IF                            00000000
CCP2M0                            00000000
CCP2M1                            00000001
CCP2M2                            00000002
CCP2M3                            00000003
CCP2X                             00000005
CCP2Y                             00000004
CCPR1                             00000015
CCPR1H                            00000016
CCPR1L                            00000015
CCPR2                             0000001B
CCPR2H                            0000001C
CCPR2L                            0000001B
CHS0                              00000002
CHS1                              00000003
CHS2                              00000004
CHS3                              00000005
MPASM 5.86                  LED_PARPADEO.ASM   1-5-2020  0:06:48         PAGE  8


SYMBOL TABLE
  LABEL                             VALUE 

CKE                               00000006
CKP                               00000004
CM1CON0                           00000107
CM2CON0                           00000108
CM2CON1                           00000109
CREN                              00000004
CSRC                              00000007
D                                 00000005
DATA_ADDRESS                      00000005
DC                                00000001
DC1B0                             00000004
DC1B1                             00000005
DC2B0                             00000004
DC2B1                             00000005
D_A                               00000005
D_NOT_A                           00000005
ECCPAS                            0000009C
ECCPAS0                           00000004
ECCPAS1                           00000005
ECCPAS2                           00000006
ECCPASE                           00000007
EEADR                             0000010D
EEADRH                            0000010F
EECON1                            0000018C
EECON2                            0000018D
EEDAT                             0000010C
EEDATA                            0000010C
EEDATH                            0000010E
EEIE                              00000004
EEIF                              00000004
EEPGD                             00000007
F                                 00000001
FERR                              00000002
FSR                               00000004
FVREN                             00000000
GCEN                              00000007
GIE                               00000007
GO                                00000001
GO_DONE                           00000001
GO_NOT_DONE                       00000001
HTS                               00000002
I2C_DATA                          00000005
I2C_READ                          00000002
I2C_START                         00000003
I2C_STOP                          00000004
INDF                              00000000
INICIO                            00000000
INTCON                            0000000B
INTE                              00000004
INTEDG                            00000006
INTF                              00000001
IOCB                              00000096
IOCB0                             00000000
MPASM 5.86                  LED_PARPADEO.ASM   1-5-2020  0:06:48         PAGE  9


SYMBOL TABLE
  LABEL                             VALUE 

IOCB1                             00000001
IOCB2                             00000002
IOCB3                             00000003
IOCB4                             00000004
IOCB5                             00000005
IOCB6                             00000006
IOCB7                             00000007
IRCF0                             00000004
IRCF1                             00000005
IRCF2                             00000006
IRP                               00000007
LTS                               00000001
MC1OUT                            00000007
MC2OUT                            00000006
MSK                               00000093
MSK0                              00000000
MSK1                              00000001
MSK2                              00000002
MSK3                              00000003
MSK4                              00000004
MSK5                              00000005
MSK6                              00000006
MSK7                              00000007
NOT_A                             00000005
NOT_ADDRESS                       00000005
NOT_BO                            00000000
NOT_BOR                           00000000
NOT_DONE                          00000001
NOT_PD                            00000003
NOT_POR                           00000001
NOT_RBPU                          00000007
NOT_RC8                           00000006
NOT_T1SYNC                        00000002
NOT_TO                            00000004
NOT_TX8                           00000006
NOT_W                             00000002
NOT_WRITE                         00000002
OERR                              00000001
OPTION_REG                        00000081
OSCCON                            0000008F
OSCTUNE                           00000090
OSFIE                             00000007
OSFIF                             00000007
OSTS                              00000003
P                                 00000004
P1M0                              00000006
P1M1                              00000007
PCL                               00000002
PCLATH                            0000000A
PCON                              0000008E
PDC0                              00000000
PDC1                              00000001
PDC2                              00000002
MPASM 5.86                  LED_PARPADEO.ASM   1-5-2020  0:06:48         PAGE 10


SYMBOL TABLE
  LABEL                             VALUE 

PDC3                              00000003
PDC4                              00000004
PDC5                              00000005
PDC6                              00000006
PEIE                              00000006
PEN                               00000002
PIE1                              0000008C
PIE2                              0000008D
PIR1                              0000000C
PIR2                              0000000D
PORTA                             00000005
PORTB                             00000006
PORTC                             00000007
PORTD                             00000008
PORTE                             00000009
PR2                               00000092
PRSEN                             00000007
PS0                               00000000
PS1                               00000001
PS2                               00000002
PSA                               00000003
PSSAC0                            00000002
PSSAC1                            00000003
PSSBD0                            00000000
PSSBD1                            00000001
PSTRCON                           0000009D
PULSR                             00000002
PULSS                             00000003
PWM1CON                           0000009B
R                                 00000002
R1DECIMA_BUCLEEXTERNO             00000048
R1DECIMA_BUCLEEXTERNO2            00000046
R1DECIMA_BUCLEINTERNO             0000004A
R1MS_BUCLEEXTERNO                 00000032
R1MS_BUCLEINTERNO                 00000034
RA0                               00000000
RA1                               00000001
RA2                               00000002
RA3                               00000003
RA4                               00000004
RA5                               00000005
RA6                               00000006
RA7                               00000007
RB0                               00000000
RB1                               00000001
RB2                               00000002
RB3                               00000003
RB4                               00000004
RB5                               00000005
RB6                               00000006
RB7                               00000007
RBIE                              00000003
RBIF                              00000000
MPASM 5.86                  LED_PARPADEO.ASM   1-5-2020  0:06:48         PAGE 11


SYMBOL TABLE
  LABEL                             VALUE 

RC0                               00000000
RC1                               00000001
RC2                               00000002
RC3                               00000003
RC4                               00000004
RC5                               00000005
RC6                               00000006
RC7                               00000007
RC8_9                             00000006
RC9                               00000006
RCD8                              00000000
RCEN                              00000003
RCIDL                             00000006
RCIE                              00000005
RCIF                              00000005
RCREG                             0000001A
RCSTA                             00000018
RD                                00000000
RD0                               00000000
RD1                               00000001
RD2                               00000002
RD3                               00000003
RD4                               00000004
RD5                               00000005
RD6                               00000006
RD7                               00000007
RE0                               00000000
RE1                               00000001
RE2                               00000002
RE3                               00000003
READ_WRITE                        00000002
RETARDOMICROS                     0000001E
RETARDOS_MS                       00000031
RETARDO_100MICROS                 00000018
RETARDO_100MS                     00000024
RETARDO_10MICROS                  0000000B
RETARDO_10MS                      0000002A
RETARDO_10S                       0000003C
RETARDO_1DECIMA                   00000045
RETARDO_1MS                       00000030
RETARDO_1S                        00000042
RETARDO_200MICROS                 00000015
RETARDO_200MS                     00000022
RETARDO_20MICROS                  0000001D
RETARDO_20MS                      00000028
RETARDO_20S                       0000003A
RETARDO_2MS                       0000002E
RETARDO_2S                        00000040
RETARDO_4MICROS                   00000011
RETARDO_500MICROS                 00000012
RETARDO_500MS                     00000044
RETARDO_50MICROS                  0000001A
RETARDO_50MS                      00000026
MPASM 5.86                  LED_PARPADEO.ASM   1-5-2020  0:06:48         PAGE 12


SYMBOL TABLE
  LABEL                             VALUE 

RETARDO_5MICROS                   00000010
RETARDO_5MS                       0000002C
RETARDO_5S                        0000003E
RMICROS_BUCLE                     0000001F
RP0                               00000005
RP1                               00000006
RSEN                              00000001
RX9                               00000006
RX9D                              00000000
R_CONTA                           00000000
R_CONTB                           00000001
R_CONTC                           00000002
R_NOT_W                           00000002
R_W                               00000002
S                                 00000003
SBOREN                            00000004
SCKP                              00000004
SCS                               00000000
SEN                               00000000
SENDB                             00000003
SMP                               00000007
SPBRG                             00000099
SPBRGH                            0000009A
SPEN                              00000007
SR0                               00000006
SR1                               00000007
SRCON                             00000185
SREN                              00000005
SSPADD                            00000093
SSPBUF                            00000013
SSPCON                            00000014
SSPCON2                           00000091
SSPEN                             00000005
SSPIE                             00000003
SSPIF                             00000003
SSPM0                             00000000
SSPM1                             00000001
SSPM2                             00000002
SSPM3                             00000003
SSPMSK                            00000093
SSPOV                             00000006
SSPSTAT                           00000094
STATUS                            00000003
STRA                              00000000
STRB                              00000001
STRC                              00000002
STRD                              00000003
STRSYNC                           00000004
SWDTEN                            00000000
SYNC                              00000004
T0CS                              00000005
T0IE                              00000005
T0IF                              00000002
MPASM 5.86                  LED_PARPADEO.ASM   1-5-2020  0:06:48         PAGE 13


SYMBOL TABLE
  LABEL                             VALUE 

T0SE                              00000004
T1CKPS0                           00000004
T1CKPS1                           00000005
T1CON                             00000010
T1GINV                            00000007
T1GIV                             00000007
T1GSS                             00000001
T1INSYNC                          00000002
T1OSCEN                           00000003
T1SYNC                            00000002
T2CKPS0                           00000000
T2CKPS1                           00000001
T2CON                             00000012
TMR0                              00000001
TMR0IE                            00000005
TMR0IF                            00000002
TMR1                              0000000E
TMR1CS                            00000001
TMR1GE                            00000006
TMR1H                             0000000F
TMR1IE                            00000000
TMR1IF                            00000000
TMR1L                             0000000E
TMR1ON                            00000000
TMR2                              00000011
TMR2IE                            00000001
TMR2IF                            00000001
TMR2ON                            00000002
TOUTPS0                           00000003
TOUTPS1                           00000004
TOUTPS2                           00000005
TOUTPS3                           00000006
TRISA                             00000085
TRISA0                            00000000
TRISA1                            00000001
TRISA2                            00000002
TRISA3                            00000003
TRISA4                            00000004
TRISA5                            00000005
TRISA6                            00000006
TRISA7                            00000007
TRISB                             00000086
TRISB0                            00000000
TRISB1                            00000001
TRISB2                            00000002
TRISB3                            00000003
TRISB4                            00000004
TRISB5                            00000005
TRISB6                            00000006
TRISB7                            00000007
TRISC                             00000087
TRISC0                            00000000
TRISC1                            00000001
MPASM 5.86                  LED_PARPADEO.ASM   1-5-2020  0:06:48         PAGE 14


SYMBOL TABLE
  LABEL                             VALUE 

TRISC2                            00000002
TRISC3                            00000003
TRISC4                            00000004
TRISC5                            00000005
TRISC6                            00000006
TRISC7                            00000007
TRISD                             00000088
TRISD0                            00000000
TRISD1                            00000001
TRISD2                            00000002
TRISD3                            00000003
TRISD4                            00000004
TRISD5                            00000005
TRISD6                            00000006
TRISD7                            00000007
TRISE                             00000089
TRISE0                            00000000
TRISE1                            00000001
TRISE2                            00000002
TRISE3                            00000003
TRMT                              00000001
TUN0                              00000000
TUN1                              00000001
TUN2                              00000002
TUN3                              00000003
TUN4                              00000004
TX8_9                             00000006
TX9                               00000006
TX9D                              00000000
TXD8                              00000000
TXEN                              00000005
TXIE                              00000004
TXIF                              00000004
TXREG                             00000019
TXSTA                             00000098
UA                                00000001
ULPWUE                            00000005
ULPWUIE                           00000002
ULPWUIF                           00000002
VCFG0                             00000004
VCFG1                             00000005
VR0                               00000000
VR1                               00000001
VR2                               00000002
VR3                               00000003
VRCON                             00000097
VREN                              00000007
VROE                              00000006
VRR                               00000005
VRSS                              00000004
W                                 00000000
WCOL                              00000007
WDTCON                            00000105
MPASM 5.86                  LED_PARPADEO.ASM   1-5-2020  0:06:48         PAGE 15


SYMBOL TABLE
  LABEL                             VALUE 

WDTPS0                            00000001
WDTPS1                            00000002
WDTPS2                            00000003
WDTPS3                            00000004
WPUB                              00000095
WPUB0                             00000000
WPUB1                             00000001
WPUB2                             00000002
WPUB3                             00000003
WPUB4                             00000004
WPUB5                             00000005
WPUB6                             00000006
WPUB7                             00000007
WR                                00000001
WREN                              00000002
WRERR                             00000003
WUE                               00000001
Z                                 00000002
_BOR21V                           00003EFF
_BOR40V                           00003FFF
_BOR4V_BOR21V                     00003EFF
_BOR4V_BOR40V                     00003FFF
_BOREN_NSLEEP                     00003EFF
_BOREN_OFF                        00003CFF
_BOREN_ON                         00003FFF
_BOREN_SBODEN                     00003DFF
_BOR_NSLEEP                       00003EFF
_BOR_OFF                          00003CFF
_BOR_ON                           00003FFF
_BOR_SBODEN                       00003DFF
_CONFIG1                          00002007
_CONFIG2                          00002008
_CPD_OFF                          00003FFF
_CPD_ON                           00003F7F
_CP_OFF                           00003FFF
_CP_ON                            00003FBF
_DEBUG_OFF                        00003FFF
_DEBUG_ON                         00001FFF
_DEVID1                           00002006
_EC_OSC                           00003FFB
_EXTRC                            00003FFF
_EXTRCIO                          00003FFE
_EXTRC_OSC_CLKOUT                 00003FFF
_EXTRC_OSC_NOCLKOUT               00003FFE
_FCMEN_OFF                        000037FF
_FCMEN_ON                         00003FFF
_FOSC_EC                          00003FFB
_FOSC_EXTRC_CLKOUT                00003FFF
_FOSC_EXTRC_NOCLKOUT              00003FFE
_FOSC_HS                          00003FFA
_FOSC_INTRC_CLKOUT                00003FFD
_FOSC_INTRC_NOCLKOUT              00003FFC
_FOSC_LP                          00003FF8
MPASM 5.86                  LED_PARPADEO.ASM   1-5-2020  0:06:48         PAGE 16


SYMBOL TABLE
  LABEL                             VALUE 

_FOSC_XT                          00003FF9
_HS_OSC                           00003FFA
_IDLOC0                           00002000
_IDLOC1                           00002001
_IDLOC2                           00002002
_IDLOC3                           00002003
_IESO_OFF                         00003BFF
_IESO_ON                          00003FFF
_INTOSC                           00003FFD
_INTOSCIO                         00003FFC
_INTRC_OSC_CLKOUT                 00003FFD
_INTRC_OSC_NOCLKOUT               00003FFC
_LP_OSC                           00003FF8
_LVP_OFF                          00002FFF
_LVP_ON                           00003FFF
_MCLRE_OFF                        00003FDF
_MCLRE_ON                         00003FFF
_PWRTE_OFF                        00003FFF
_PWRTE_ON                         00003FEF
_WDTE_OFF                         00003FF7
_WDTE_ON                          00003FFF
_WDT_OFF                          00003FF7
_WDT_ON                           00003FFF
_WRT_1FOURTH                      00003BFF
_WRT_256                          00003DFF
_WRT_HALF                         000039FF
_WRT_OFF                          00003FFF
_XT_OSC                           00003FF9
__16F887                          00000001

Errors   :     0
Warnings :     0 reported,     0 suppressed
Messages :     1 reported,     0 suppressed

